<?xml version="1.0" encoding="UTF-8"?>
<!-- Generated by org.testng.reporters.JUnitXMLReporter -->
<testsuite hostname="DESKTOP-TKK5GPG" name="DummyTestA" tests="3" failures="0" timestamp="25 Jan 2021 13:23:13 GMT" time="0.081" errors="0">
  <testcase name="testA1" time="0.026" classname="com.qtpselenium.core.ddf.testcases.DummyTestA"/>
  <testcase name="testA2" time="0.003" classname="com.qtpselenium.core.ddf.testcases.DummyTestA"/>
  <testcase name="testA3" time="0.002" classname="com.qtpselenium.core.ddf.testcases.DummyTestA"/>
</testsuite> <!-- DummyTestA -->
