<?xml version="1.0" encoding="UTF-8"?>
<testng-results skipped="0" failed="0" total="1" passed="1">
  <reporter-output>
  </reporter-output>
  <suite name="Default suite" duration-ms="29928" started-at="2021-12-24T15:34:37Z" finished-at="2021-12-24T15:35:07Z">
    <groups>
      <group name="cucumber">
        <method signature="AbstractTestNGCucumberTests.runScenario(io.cucumber.testng.PickleWrapper, io.cucumber.testng.FeatureWrapper)[pri:0, instance:runner.MyRunner@6536e911]" name="runScenario" class="io.cucumber.testng.AbstractTestNGCucumberTests"/>
      </group> <!-- cucumber -->
    </groups>
    <test name="Default test" duration-ms="29928" started-at="2021-12-24T15:34:37Z" finished-at="2021-12-24T15:35:07Z">
      <class name="runner.MyRunner">
        <test-method status="PASS" signature="setUpClass()[pri:0, instance:runner.MyRunner@6536e911]" name="setUpClass" is-config="true" duration-ms="1583" started-at="2021-12-24T10:34:37Z" finished-at="2021-12-24T10:34:39Z">
          <reporter-output>
          </reporter-output>
        </test-method> <!-- setUpClass -->
        <test-method status="PASS" signature="runScenario(io.cucumber.testng.PickleWrapper, io.cucumber.testng.FeatureWrapper)[pri:0, instance:runner.MyRunner@6536e911]" name="runScenario" duration-ms="27964" started-at="2021-12-24T10:34:39Z" description="Runs Cucumber Scenarios" data-provider="scenarios" finished-at="2021-12-24T10:35:07Z">
          <params>
            <param index="0">
              <value>
                <![CDATA["Buying a second hand car"]]>
              </value>
            </param>
            <param index="1">
              <value>
                <![CDATA["Optional[Car Trading]"]]>
              </value>
            </param>
          </params>
          <reporter-output>
          </reporter-output>
        </test-method> <!-- runScenario -->
        <test-method status="PASS" signature="tearDownClass()[pri:0, instance:runner.MyRunner@6536e911]" name="tearDownClass" is-config="true" duration-ms="326" started-at="2021-12-24T10:35:07Z" finished-at="2021-12-24T10:35:07Z">
          <reporter-output>
          </reporter-output>
        </test-method> <!-- tearDownClass -->
      </class> <!-- runner.MyRunner -->
    </test> <!-- Default test -->
  </suite> <!-- Default suite -->
</testng-results>
