<?xml version="1.0" encoding="UTF-8"?>
<!-- Generated by org.testng.reporters.JUnitXMLReporter -->
<testsuite hostname="DESKTOP-TKK5GPG" name="All the tests " tests="3" failures="0" timestamp="17 Apr 2021 14:50:12 GMT" time="0.076" errors="0">
  <testcase name="SearchHotel" time="0.026" classname="testcases.BookingSearch"/>
  <testcase name="SelectHotel" time="0.002" classname="testcases.BookingSearch"/>
  <testcase name="selectRoom" time="0.002" classname="testcases.BookingSearch"/>
</testsuite> <!-- All the tests  -->
