<?xml version="1.0" encoding="UTF-8"?>
<!-- Generated by org.testng.reporters.JUnitXMLReporter -->
<testsuite hostname="DESKTOP-TKK5GPG" name="All Tests" tests="4" failures="0" timestamp="24 Apr 2021 21:55:17 GMT" time="0.187" errors="0">
  <testcase name="searchHotel" time="0.035" classname="testcases.BookingSearch"/>
  <testcase name="selectHotel" time="0.002" classname="testcases.BookingSearch"/>
  <testcase name="makeCCPayment" time="0.002" classname="testcases.PaymentManager"/>
  <testcase name="makeCashPayment" time="0.003" classname="testcases.PaymentManager"/>
</testsuite> <!-- All Tests -->
