<?xml version="1.0" encoding="UTF-8"?>
<!-- Generated by org.testng.reporters.JUnitXMLReporter -->
<testsuite hostname="DESKTOP-TKK5GPG" name="Test" tests="5" failures="0" timestamp="17 Apr 2021 14:39:04 GMT" time="0.084" errors="0">
  <testcase name="SearchHotel" time="0.023" classname="testcases.BookingSearch"/>
  <testcase name="SelectHotel" time="0.002" classname="testcases.BookingSearch"/>
  <testcase name="selectRoom" time="0.001" classname="testcases.BookingSearch"/>
  <testcase name="makeCCPayment" time="0.004" classname="testcases.PaymentManager"/>
  <testcase name="makeCashPayment" time="0.001" classname="testcases.PaymentManager"/>
</testsuite> <!-- Test -->
