<?xml version="1.0" encoding="UTF-8"?>
<!-- Generated by org.testng.reporters.JUnitXMLReporter -->
<testsuite hostname="DESKTOP-TKK5GPG" name="AddCategory" tests="3" failures="0" timestamp="23 Jan 2021 17:44:49 GMT" time="3.618" errors="0">
  <testcase name="addCategory" time="0.147" classname="com.retail.testcases.AddCategory"/>
  <testcase name="addCategory" time="0.317" classname="com.retail.testcases.AddCategory"/>
  <testcase name="addCategory" time="0.151" classname="com.retail.testcases.AddCategory"/>
</testsuite> <!-- AddCategory -->
