<?xml version="1.0" encoding="UTF-8"?>
<!-- Generated by org.testng.reporters.JUnitXMLReporter -->
<testsuite hostname="DESKTOP-TKK5GPG" name="LogiTest" tests="3" failures="0" timestamp="23 Jan 2021 17:44:45 GMT" time="10.504" errors="0">
  <testcase name="doLogin" time="1.94" classname="com.retail.testcases.LoginTest"/>
  <testcase name="doLogin" time="0.056" classname="com.retail.testcases.LoginTest"/>
  <testcase name="doLogin" time="0.037" classname="com.retail.testcases.LoginTest"/>
</testsuite> <!-- LogiTest -->
