<?xml version="1.0" encoding="UTF-8"?>
<testng-results skipped="0" failed="0" total="4" passed="4">
  <reporter-output>
  </reporter-output>
  <suite name="Suite" duration-ms="187" started-at="2021-04-24T21:55:16Z" finished-at="2021-04-24T21:55:16Z">
    <groups>
    </groups>
    <test name="All Tests" duration-ms="187" started-at="2021-04-24T21:55:16Z" finished-at="2021-04-24T21:55:16Z">
      <class name="testcases.PaymentManager">
        <test-method status="PASS" signature="makeCCPayment(org.testng.ITestContext)[pri:0, instance:testcases.PaymentManager@7c0e2abd]" name="makeCCPayment" duration-ms="2" started-at="2021-04-24T17:55:16Z" finished-at="2021-04-24T17:55:16Z">
          <params>
            <param index="0">
              <value>
                <![CDATA[org.testng.TestRunner@ff5b51f]]>
              </value>
            </param>
          </params>
          <reporter-output>
          </reporter-output>
        </test-method> <!-- makeCCPayment -->
        <test-method status="PASS" signature="makeCashPayment()[pri:0, instance:testcases.PaymentManager@7c0e2abd]" name="makeCashPayment" duration-ms="3" started-at="2021-04-24T17:55:16Z" finished-at="2021-04-24T17:55:16Z">
          <reporter-output>
          </reporter-output>
        </test-method> <!-- makeCashPayment -->
      </class> <!-- testcases.PaymentManager -->
      <class name="testcases.BookingSearch">
        <test-method status="PASS" signature="searchHotel()[pri:0, instance:testcases.BookingSearch@6a2bcfcb]" name="searchHotel" duration-ms="35" started-at="2021-04-24T17:55:16Z" finished-at="2021-04-24T17:55:16Z">
          <reporter-output>
          </reporter-output>
        </test-method> <!-- searchHotel -->
        <test-method status="PASS" signature="selectHotel(org.testng.ITestContext)[pri:0, instance:testcases.BookingSearch@6a2bcfcb]" name="selectHotel" duration-ms="2" started-at="2021-04-24T17:55:16Z" finished-at="2021-04-24T17:55:16Z">
          <params>
            <param index="0">
              <value>
                <![CDATA[org.testng.TestRunner@ff5b51f]]>
              </value>
            </param>
          </params>
          <reporter-output>
          </reporter-output>
        </test-method> <!-- selectHotel -->
      </class> <!-- testcases.BookingSearch -->
    </test> <!-- All Tests -->
  </suite> <!-- Suite -->
</testng-results>
