<?xml version="1.0" encoding="UTF-8"?>
<!-- Generated by org.testng.reporters.JUnitXMLReporter -->
<testsuite hostname="DESKTOP-TKK5GPG" name="DummyTestA" tests="3" failures="0" timestamp="3 Feb 2021 13:20:49 GMT" time="2.351" errors="0">
  <testcase name="testA1" time="0.013" classname="com.qtpselenium.core.ddf.testcases.DummyTestA">
    <skipped/>
  </testcase> <!-- testA1 -->
  <testcase name="testA1" time="0.001" classname="com.qtpselenium.core.ddf.testcases.DummyTestA">
    <skipped/>
  </testcase> <!-- testA1 -->
  <testcase name="testA1" time="0.002" classname="com.qtpselenium.core.ddf.testcases.DummyTestA">
    <skipped/>
  </testcase> <!-- testA1 -->
</testsuite> <!-- DummyTestA -->
