<?xml version="1.0" encoding="UTF-8"?>
<!-- Generated by org.testng.reporters.JUnitXMLReporter -->
<testsuite hostname="DESKTOP-TKK5GPG" name="DummyTestB" tests="2" failures="0" timestamp="3 Feb 2021 13:20:49 GMT" time="0.17" errors="0">
  <testcase name="testB1" time="0.001" classname="com.qtpselenium.core.ddf.testcases.DummyTestB"/>
  <testcase name="testB1" time="0.001" classname="com.qtpselenium.core.ddf.testcases.DummyTestB">
    <skipped/>
  </testcase> <!-- testB1 -->
</testsuite> <!-- DummyTestB -->
