<?xml version="1.0" encoding="UTF-8"?>
<!-- Generated by org.testng.reporters.JUnitXMLReporter -->
<testsuite hostname="DESKTOP-TKK5GPG" name="LeadsTest" tests="6" failures="0" timestamp="5 Feb 2021 14:19:06 GMT" time="2.385" errors="0">
  <testcase name="createLeadTest" time="0.032" classname="com.qtpselenium.core.ddf.zohotestcases.LeadsTest">
    <skipped/>
  </testcase> <!-- createLeadTest -->
  <testcase name="createLeadTest" time="0.031" classname="com.qtpselenium.core.ddf.zohotestcases.LeadsTest">
    <skipped/>
  </testcase> <!-- createLeadTest -->
  <testcase name="createLeadTest" time="0.035" classname="com.qtpselenium.core.ddf.zohotestcases.LeadsTest">
    <skipped/>
  </testcase> <!-- createLeadTest -->
  <testcase name="createLeadTest" time="0.036" classname="com.qtpselenium.core.ddf.zohotestcases.LeadsTest">
    <skipped/>
  </testcase> <!-- createLeadTest -->
  <testcase name="deleteLeadTest" time="0.0" classname="com.qtpselenium.core.ddf.zohotestcases.LeadsTest">
    <skipped/>
  </testcase> <!-- deleteLeadTest -->
  <testcase name="modifyLeadTest" time="0.002" classname="com.qtpselenium.core.ddf.zohotestcases.LeadsTest"/>
</testsuite> <!-- LeadsTest -->
