<html xmlns:math="http://exslt.org/math" xmlns:testng="http://testng.org">
   <head>
      <title>TestNG Results</title>
      <meta http-equiv="content-type" content="text/html; charset=utf-8"></meta>
      <meta http-equiv="pragma" content="no-cache"></meta>
      <meta http-equiv="cache-control" content="max-age=0"></meta>
      <meta http-equiv="cache-control" content="no-cache"></meta>
      <meta http-equiv="cache-control" content="no-store"></meta>
      <LINK rel="stylesheet" href="style.css"></LINK>
      <script type="text/javascript" src="main.js"></script>
   </head>
   <body>
      <table width="100%" style="font-size: 16px; margin-bottom: 10px;" cellspacing="1">
         <tr>
            <td width="100%">
               All methods in suite
               
               <b>Suite A</b>
            </td>
            <td style="background-color: #FFBBBB; padding: 3px 3px 3px 0;" align="center">
               <div style="width: 50px;">4</div>
            </td>
            <td style="background-color: lightgreen; padding: 3px 3px 3px 0;" align="center">
               <div style="width: 50px;">5</div>
            </td>
            <td style="background-color: #FFFFBB; padding: 3px 3px 3px 0;" align="center">
               <div style="width: 50px;">0</div>
            </td>
            <td align="center" style="background-color: #eaf0f7; padding: 3px 3px 3px 0;">
               <div style="width: 50px;">9</div>
            </td>
            <td align="center"
                style="font-weight: bold; background-color: #eaf0f7; padding: 3px 3px 3px 0;">
               <div style="width: 50px;">56%</div>
            </td>
            <td style="background-color: #eaf0f7; padding: 3px 3px 3px 0;" align="center"
                nowrap="true">2m
               6s
               
            </td>
         </tr>
      </table>
      <div style="width: 200px;">
         <label for="groupMethodsCheckBox" style="font-weight: bold; margin: 0;">
            <input id="groupMethodsCheckBox" type="checkbox" onclick="switchTestMethodsView(this)"></input>
            Group by class
            
         </label>
         <br></br>
         <label for="methodsFilter_ALL" style="font-weight: bold; margin: 0;">
            <input id="methodsFilter_ALL" type="checkbox"
                   onclick="testMethodsFilterChanged(this, 'ALL')"></input>
            All
            
         </label>
      </div>
      <label for="methodsFilter_FAIL" style="margin-left: 20px;">
         <input id="methodsFilter_FAIL" type="checkbox"
                onclick="testMethodsFilterChanged(this, 'FAIL')"
                checked=""></input>
         Failed
         
      </label>
      <label for="methodsFilter_PASS">
         <input id="methodsFilter_PASS" type="checkbox"
                onclick="testMethodsFilterChanged(this, 'PASS')"
                checked=""></input>
         Passed
         
      </label>
      <label for="methodsFilter_SKIP">
         <input id="methodsFilter_SKIP" type="checkbox"
                onclick="testMethodsFilterChanged(this, 'SKIP')"
                checked=""></input>
         Skipped
         
      </label>
      <label for="methodsFilter_CONF">
         <input id="methodsFilter_CONF" type="checkbox"
                onclick="testMethodsFilterChanged(this, 'CONF')"></input>
         Config
         
      </label>
      <br></br>
      <div id="testMethodsByStatus">
         <table class="testMethodsTable" cellpadding="0" cellspacing="0">
            <tr class="methodsTableHeader">
               <td width="100%">Name</td>
               <td nowrap="true">Started</td>
               <td nowrap="true">Duration</td>
               <td>Exception</td>
            </tr>
            <tr id="com.qtpselenium.zoho.project.testcases.LeadTest_createLeadTest_byStatus_failed_FAIL1_row"
                class="testMethodStatusFAIL">
               <td width="100%" class="firstMethodCell">
                  <a onclick="toggleDetailsVisibility('com.qtpselenium.zoho.project.testcases.LeadTest_createLeadTest_byStatus_failed_FAIL1_details')">createLeadTest({Username=its.thakur@gmail.com, ExpectedResult=Y, Password=xxxxx, Runmode=Y, Browser=Chrome})</a>
               </td>
               <td nowrap="true">22:02:29</td>
               <td nowrap="true" align="right">2s
                  
               </td>
               <td nowrap="true">
                  <a onclick="toggleDetailsVisibility('com.qtpselenium.zoho.project.testcases.LeadTest_createLeadTest_byStatus_failed_FAIL1_exception')">org.openqa.selenium.SessionNotCreatedException: 
                     session not created: Chrome version must be between 70 and 73
                     (Driver info: chromedriver=2.45.615291 (ec3682e3c9061c10f26ea9e5cdcf3c53f3f74387),platform=Windows NT 10.0.18362 x86_64) (WARNING:
                     The server did not provide any stacktrace information)
                     Command duration or timeout: 1.05 seconds
                     Build info: version: '3.141.59', revision: 'e82be7d358', time: '2018-11-14T08:25:53'
                     System info: host: 'DESKTOP-TKK5GPG', ip: '172.20.10.4', os.name: 'Windows 10', os.arch: 'amd64', os.version: '10.0', java.version:
                     '1.8.0_101'
                     Driver info: driver.version: ChromeDriver
                     
                  </a>
                   
                  
               </td>
            </tr>
            <tr>
               <td colspan="4" class="detailsBox">
                  <div id="com.qtpselenium.zoho.project.testcases.LeadTest_createLeadTest_byStatus_failed_FAIL1_details"
                       class="testMethodDetails">
                     <div>
                        <b>Name: </b>createLeadTest
                     </div>
                     <div>
                        <b>Signature: </b>createLeadTest(java.util.Hashtable)[pri:0, instance:com.qtpselenium.zoho.project.testcases.LeadTest@7ac7a4e4]
                     </div>
                     <div>
                        <b>Parameters: </b>
                        
                        {Username=its.thakur@gmail.com, ExpectedResult=Y, Password=xxxxx, Runmode=Y, Browser=Chrome}
                        
                        
                     </div>
                     <div>
                        <b>Start time: </b>22:02:29
                     </div>
                     <div>
                        <b>End time: </b>22:02:31
                     </div>
                     <div>
                        <b>Duration: </b>2s
                        
                     </div>
                  </div>
               </td>
            </tr>
            <tr>
               <td colspan="4" class="detailsBox">
                  <div id="com.qtpselenium.zoho.project.testcases.LeadTest_createLeadTest_byStatus_failed_FAIL1_exception"
                       class="testMethodDetails">
                     <pre style="padding: 5px; margin: 0;">org.openqa.selenium.SessionNotCreatedException: session not created: Chrome version must be between 70 and 73
                        (Driver info: chromedriver=2.45.615291 (ec3682e3c9061c10f26ea9e5cdcf3c53f3f74387),platform=Windows NT 10.0.18362 x86_64) (WARNING:
                        The server did not provide any stacktrace information)
                        Command duration or timeout: 1.05 seconds
                        Build info: version: '3.141.59', revision: 'e82be7d358', time: '2018-11-14T08:25:53'
                        System info: host: 'DESKTOP-TKK5GPG', ip: '172.20.10.4', os.name: 'Windows 10', os.arch: 'amd64', os.version: '10.0', java.version:
                        '1.8.0_101'
                        Driver info: driver.version: ChromeDriver
                        	at sun.reflect.NativeConstructorAccessorImpl.newInstance0(Native Method)
                        	at sun.reflect.NativeConstructorAccessorImpl.newInstance(NativeConstructorAccessorImpl.java:62)
                        	at sun.reflect.DelegatingConstructorAccessorImpl.newInstance(DelegatingConstructorAccessorImpl.java:45)
                        	at java.lang.reflect.Constructor.newInstance(Constructor.java:423)
                        	at org.openqa.selenium.remote.ErrorHandler.createThrowable(ErrorHandler.java:214)
                        	at org.openqa.selenium.remote.ErrorHandler.throwIfResponseFailed(ErrorHandler.java:166)
                        	at org.openqa.selenium.remote.JsonWireProtocolResponse.lambda$errorHandler$0(JsonWireProtocolResponse.java:54)
                        	at org.openqa.selenium.remote.HandshakeResponse.lambda$getResponseFunction$0(HandshakeResponse.java:30)
                        	at org.openqa.selenium.remote.ProtocolHandshake.lambda$createSession$0(ProtocolHandshake.java:126)
                        	at java.util.stream.ReferencePipeline$3$1.accept(ReferencePipeline.java:193)
                        	at java.util.Spliterators$ArraySpliterator.tryAdvance(Spliterators.java:958)
                        	at java.util.stream.ReferencePipeline.forEachWithCancel(ReferencePipeline.java:126)
                        	at java.util.stream.AbstractPipeline.copyIntoWithCancel(AbstractPipeline.java:498)
                        	at java.util.stream.AbstractPipeline.copyInto(AbstractPipeline.java:485)
                        	at java.util.stream.AbstractPipeline.wrapAndCopyInto(AbstractPipeline.java:471)
                        	at java.util.stream.FindOps$FindOp.evaluateSequential(FindOps.java:152)
                        	at java.util.stream.AbstractPipeline.evaluate(AbstractPipeline.java:234)
                        	at java.util.stream.ReferencePipeline.findFirst(ReferencePipeline.java:464)
                        	at org.openqa.selenium.remote.ProtocolHandshake.createSession(ProtocolHandshake.java:128)
                        	at org.openqa.selenium.remote.ProtocolHandshake.createSession(ProtocolHandshake.java:74)
                        	at org.openqa.selenium.remote.HttpCommandExecutor.execute(HttpCommandExecutor.java:136)
                        	at org.openqa.selenium.remote.service.DriverCommandExecutor.execute(DriverCommandExecutor.java:83)
                        	at org.openqa.selenium.remote.RemoteWebDriver.execute(RemoteWebDriver.java:552)
                        	at org.openqa.selenium.remote.RemoteWebDriver.startSession(RemoteWebDriver.java:213)
                        	at org.openqa.selenium.remote.RemoteWebDriver.&lt;init&gt;(RemoteWebDriver.java:131)
                        	at org.openqa.selenium.chrome.ChromeDriver.&lt;init&gt;(ChromeDriver.java:181)
                        	at org.openqa.selenium.chrome.ChromeDriver.&lt;init&gt;(ChromeDriver.java:168)
                        	at org.openqa.selenium.chrome.ChromeDriver.&lt;init&gt;(ChromeDriver.java:123)
                        	at com.qtpselenium.zoho.project.base.BaseTest.openBrowser(BaseTest.java:83)
                        	at com.qtpselenium.zoho.project.testcases.LeadTest.createLeadTest(LeadTest.java:34)
                        	at sun.reflect.NativeMethodAccessorImpl.invoke0(Native Method)
                        	at sun.reflect.NativeMethodAccessorImpl.invoke(NativeMethodAccessorImpl.java:62)
                        	at sun.reflect.DelegatingMethodAccessorImpl.invoke(DelegatingMethodAccessorImpl.java:43)
                        	at java.lang.reflect.Method.invoke(Method.java:498)
                        	at org.testng.internal.MethodInvocationHelper.invokeMethod(MethodInvocationHelper.java:84)
                        	at org.testng.internal.Invoker.invokeMethod(Invoker.java:714)
                        	at org.testng.internal.Invoker.invokeTestMethod(Invoker.java:901)
                        	at org.testng.internal.Invoker.invokeTestMethods(Invoker.java:1231)
                        	at org.testng.internal.TestMethodWorker.invokeTestMethods(TestMethodWorker.java:127)
                        	at org.testng.internal.TestMethodWorker.run(TestMethodWorker.java:111)
                        	at org.testng.TestRunner.privateRun(TestRunner.java:767)
                        	at org.testng.TestRunner.run(TestRunner.java:617)
                        	at org.testng.SuiteRunner.runTest(SuiteRunner.java:334)
                        	at org.testng.SuiteRunner.runSequentially(SuiteRunner.java:329)
                        	at org.testng.SuiteRunner.privateRun(SuiteRunner.java:291)
                        	at org.testng.SuiteRunner.run(SuiteRunner.java:240)
                        	at org.testng.SuiteRunnerWorker.runSuite(SuiteRunnerWorker.java:52)
                        	at org.testng.SuiteRunnerWorker.run(SuiteRunnerWorker.java:86)
                        	at org.testng.TestNG.runSuitesSequentially(TestNG.java:1224)
                        	at org.testng.TestNG.runSuitesLocally(TestNG.java:1149)
                        	at org.testng.TestNG.run(TestNG.java:1057)
                        	at org.testng.TestNG.privateMain(TestNG.java:1364)
                        	at org.testng.TestNG.main(TestNG.java:1333)
                     </pre>
                  </div>
               </td>
            </tr>
            <tr id="com.qtpselenium.zoho.project.testcases.LeadTest_convertLeadTest_byStatus_failed_FAIL2_row"
                class="testMethodStatusFAIL">
               <td width="100%" class="firstMethodCell">
                  <a onclick="toggleDetailsVisibility('com.qtpselenium.zoho.project.testcases.LeadTest_convertLeadTest_byStatus_failed_FAIL2_details')">convertLeadTest({LeadLastName=Sam, Runmode=N, LeadCompany=Sony, Browser=Chrome})</a>
               </td>
               <td nowrap="true">22:03:25</td>
               <td nowrap="true" align="right">2s
                  
               </td>
               <td nowrap="true">
                  <a onclick="toggleDetailsVisibility('com.qtpselenium.zoho.project.testcases.LeadTest_convertLeadTest_byStatus_failed_FAIL2_exception')">org.openqa.selenium.SessionNotCreatedException: 
                     session not created: Chrome version must be between 70 and 73
                     (Driver info: chromedriver=2.45.615291 (ec3682e3c9061c10f26ea9e5cdcf3c53f3f74387),platform=Windows NT 10.0.18362 x86_64) (WARNING:
                     The server did not provide any stacktrace information)
                     Command duration or timeout: 1.13 seconds
                     Build info: version: '3.141.59', revision: 'e82be7d358', time: '2018-11-14T08:25:53'
                     System info: host: 'DESKTOP-TKK5GPG', ip: '172.20.10.4', os.name: 'Windows 10', os.arch: 'amd64', os.version: '10.0', java.version:
                     '1.8.0_101'
                     Driver info: driver.version: ChromeDriver
                     
                  </a>
                   
                  
               </td>
            </tr>
            <tr>
               <td colspan="4" class="detailsBox">
                  <div id="com.qtpselenium.zoho.project.testcases.LeadTest_convertLeadTest_byStatus_failed_FAIL2_details"
                       class="testMethodDetails">
                     <div>
                        <b>Name: </b>convertLeadTest
                     </div>
                     <div>
                        <b>Signature: </b>convertLeadTest(java.util.Hashtable)[pri:0, instance:com.qtpselenium.zoho.project.testcases.LeadTest@7ac7a4e4]
                     </div>
                     <div>
                        <b>Parameters: </b>
                        
                        {LeadLastName=Sam, Runmode=N, LeadCompany=Sony, Browser=Chrome}
                        
                        
                     </div>
                     <div>
                        <b>Start time: </b>22:03:25
                     </div>
                     <div>
                        <b>End time: </b>22:03:27
                     </div>
                     <div>
                        <b>Duration: </b>2s
                        
                     </div>
                  </div>
               </td>
            </tr>
            <tr>
               <td colspan="4" class="detailsBox">
                  <div id="com.qtpselenium.zoho.project.testcases.LeadTest_convertLeadTest_byStatus_failed_FAIL2_exception"
                       class="testMethodDetails">
                     <pre style="padding: 5px; margin: 0;">org.openqa.selenium.SessionNotCreatedException: session not created: Chrome version must be between 70 and 73
                        (Driver info: chromedriver=2.45.615291 (ec3682e3c9061c10f26ea9e5cdcf3c53f3f74387),platform=Windows NT 10.0.18362 x86_64) (WARNING:
                        The server did not provide any stacktrace information)
                        Command duration or timeout: 1.13 seconds
                        Build info: version: '3.141.59', revision: 'e82be7d358', time: '2018-11-14T08:25:53'
                        System info: host: 'DESKTOP-TKK5GPG', ip: '172.20.10.4', os.name: 'Windows 10', os.arch: 'amd64', os.version: '10.0', java.version:
                        '1.8.0_101'
                        Driver info: driver.version: ChromeDriver
                        	at sun.reflect.NativeConstructorAccessorImpl.newInstance0(Native Method)
                        	at sun.reflect.NativeConstructorAccessorImpl.newInstance(NativeConstructorAccessorImpl.java:62)
                        	at sun.reflect.DelegatingConstructorAccessorImpl.newInstance(DelegatingConstructorAccessorImpl.java:45)
                        	at java.lang.reflect.Constructor.newInstance(Constructor.java:423)
                        	at org.openqa.selenium.remote.ErrorHandler.createThrowable(ErrorHandler.java:214)
                        	at org.openqa.selenium.remote.ErrorHandler.throwIfResponseFailed(ErrorHandler.java:166)
                        	at org.openqa.selenium.remote.JsonWireProtocolResponse.lambda$errorHandler$0(JsonWireProtocolResponse.java:54)
                        	at org.openqa.selenium.remote.HandshakeResponse.lambda$getResponseFunction$0(HandshakeResponse.java:30)
                        	at org.openqa.selenium.remote.ProtocolHandshake.lambda$createSession$0(ProtocolHandshake.java:126)
                        	at java.util.stream.ReferencePipeline$3$1.accept(ReferencePipeline.java:193)
                        	at java.util.Spliterators$ArraySpliterator.tryAdvance(Spliterators.java:958)
                        	at java.util.stream.ReferencePipeline.forEachWithCancel(ReferencePipeline.java:126)
                        	at java.util.stream.AbstractPipeline.copyIntoWithCancel(AbstractPipeline.java:498)
                        	at java.util.stream.AbstractPipeline.copyInto(AbstractPipeline.java:485)
                        	at java.util.stream.AbstractPipeline.wrapAndCopyInto(AbstractPipeline.java:471)
                        	at java.util.stream.FindOps$FindOp.evaluateSequential(FindOps.java:152)
                        	at java.util.stream.AbstractPipeline.evaluate(AbstractPipeline.java:234)
                        	at java.util.stream.ReferencePipeline.findFirst(ReferencePipeline.java:464)
                        	at org.openqa.selenium.remote.ProtocolHandshake.createSession(ProtocolHandshake.java:128)
                        	at org.openqa.selenium.remote.ProtocolHandshake.createSession(ProtocolHandshake.java:74)
                        	at org.openqa.selenium.remote.HttpCommandExecutor.execute(HttpCommandExecutor.java:136)
                        	at org.openqa.selenium.remote.service.DriverCommandExecutor.execute(DriverCommandExecutor.java:83)
                        	at org.openqa.selenium.remote.RemoteWebDriver.execute(RemoteWebDriver.java:552)
                        	at org.openqa.selenium.remote.RemoteWebDriver.startSession(RemoteWebDriver.java:213)
                        	at org.openqa.selenium.remote.RemoteWebDriver.&lt;init&gt;(RemoteWebDriver.java:131)
                        	at org.openqa.selenium.chrome.ChromeDriver.&lt;init&gt;(ChromeDriver.java:181)
                        	at org.openqa.selenium.chrome.ChromeDriver.&lt;init&gt;(ChromeDriver.java:168)
                        	at org.openqa.selenium.chrome.ChromeDriver.&lt;init&gt;(ChromeDriver.java:123)
                        	at com.qtpselenium.zoho.project.base.BaseTest.openBrowser(BaseTest.java:83)
                        	at com.qtpselenium.zoho.project.testcases.LeadTest.convertLeadTest(LeadTest.java:98)
                        	at sun.reflect.NativeMethodAccessorImpl.invoke0(Native Method)
                        	at sun.reflect.NativeMethodAccessorImpl.invoke(NativeMethodAccessorImpl.java:62)
                        	at sun.reflect.DelegatingMethodAccessorImpl.invoke(DelegatingMethodAccessorImpl.java:43)
                        	at java.lang.reflect.Method.invoke(Method.java:498)
                        	at org.testng.internal.MethodInvocationHelper.invokeMethod(MethodInvocationHelper.java:84)
                        	at org.testng.internal.Invoker.invokeMethod(Invoker.java:714)
                        	at org.testng.internal.Invoker.invokeTestMethod(Invoker.java:901)
                        	at org.testng.internal.Invoker.invokeTestMethods(Invoker.java:1231)
                        	at org.testng.internal.TestMethodWorker.invokeTestMethods(TestMethodWorker.java:127)
                        	at org.testng.internal.TestMethodWorker.run(TestMethodWorker.java:111)
                        	at org.testng.TestRunner.privateRun(TestRunner.java:767)
                        	at org.testng.TestRunner.run(TestRunner.java:617)
                        	at org.testng.SuiteRunner.runTest(SuiteRunner.java:334)
                        	at org.testng.SuiteRunner.runSequentially(SuiteRunner.java:329)
                        	at org.testng.SuiteRunner.privateRun(SuiteRunner.java:291)
                        	at org.testng.SuiteRunner.run(SuiteRunner.java:240)
                        	at org.testng.SuiteRunnerWorker.runSuite(SuiteRunnerWorker.java:52)
                        	at org.testng.SuiteRunnerWorker.run(SuiteRunnerWorker.java:86)
                        	at org.testng.TestNG.runSuitesSequentially(TestNG.java:1224)
                        	at org.testng.TestNG.runSuitesLocally(TestNG.java:1149)
                        	at org.testng.TestNG.run(TestNG.java:1057)
                        	at org.testng.TestNG.privateMain(TestNG.java:1364)
                        	at org.testng.TestNG.main(TestNG.java:1333)
                     </pre>
                  </div>
               </td>
            </tr>
            <tr id="com.qtpselenium.zoho.project.testcases.LeadTest_convertLeadTest_byStatus_failed_FAIL3_row"
                class="testMethodStatusFAIL">
               <td width="100%" class="firstMethodCell">
                  <a onclick="toggleDetailsVisibility('com.qtpselenium.zoho.project.testcases.LeadTest_convertLeadTest_byStatus_failed_FAIL3_details')">convertLeadTest({LeadLastName=Watson, Runmode=N, LeadCompany=HP, Browser=Chrome})</a>
               </td>
               <td nowrap="true">22:03:27</td>
               <td nowrap="true" align="right">2s
                  
               </td>
               <td nowrap="true">
                  <a onclick="toggleDetailsVisibility('com.qtpselenium.zoho.project.testcases.LeadTest_convertLeadTest_byStatus_failed_FAIL3_exception')">org.openqa.selenium.SessionNotCreatedException: 
                     session not created: Chrome version must be between 70 and 73
                     (Driver info: chromedriver=2.45.615291 (ec3682e3c9061c10f26ea9e5cdcf3c53f3f74387),platform=Windows NT 10.0.18362 x86_64) (WARNING:
                     The server did not provide any stacktrace information)
                     Command duration or timeout: 1.08 seconds
                     Build info: version: '3.141.59', revision: 'e82be7d358', time: '2018-11-14T08:25:53'
                     System info: host: 'DESKTOP-TKK5GPG', ip: '172.20.10.4', os.name: 'Windows 10', os.arch: 'amd64', os.version: '10.0', java.version:
                     '1.8.0_101'
                     Driver info: driver.version: ChromeDriver
                     
                  </a>
                   
                  
               </td>
            </tr>
            <tr>
               <td colspan="4" class="detailsBox">
                  <div id="com.qtpselenium.zoho.project.testcases.LeadTest_convertLeadTest_byStatus_failed_FAIL3_details"
                       class="testMethodDetails">
                     <div>
                        <b>Name: </b>convertLeadTest
                     </div>
                     <div>
                        <b>Signature: </b>convertLeadTest(java.util.Hashtable)[pri:0, instance:com.qtpselenium.zoho.project.testcases.LeadTest@7ac7a4e4]
                     </div>
                     <div>
                        <b>Parameters: </b>
                        
                        {LeadLastName=Watson, Runmode=N, LeadCompany=HP, Browser=Chrome}
                        
                        
                     </div>
                     <div>
                        <b>Start time: </b>22:03:27
                     </div>
                     <div>
                        <b>End time: </b>22:03:29
                     </div>
                     <div>
                        <b>Duration: </b>2s
                        
                     </div>
                  </div>
               </td>
            </tr>
            <tr>
               <td colspan="4" class="detailsBox">
                  <div id="com.qtpselenium.zoho.project.testcases.LeadTest_convertLeadTest_byStatus_failed_FAIL3_exception"
                       class="testMethodDetails">
                     <pre style="padding: 5px; margin: 0;">org.openqa.selenium.SessionNotCreatedException: session not created: Chrome version must be between 70 and 73
                        (Driver info: chromedriver=2.45.615291 (ec3682e3c9061c10f26ea9e5cdcf3c53f3f74387),platform=Windows NT 10.0.18362 x86_64) (WARNING:
                        The server did not provide any stacktrace information)
                        Command duration or timeout: 1.08 seconds
                        Build info: version: '3.141.59', revision: 'e82be7d358', time: '2018-11-14T08:25:53'
                        System info: host: 'DESKTOP-TKK5GPG', ip: '172.20.10.4', os.name: 'Windows 10', os.arch: 'amd64', os.version: '10.0', java.version:
                        '1.8.0_101'
                        Driver info: driver.version: ChromeDriver
                        	at sun.reflect.NativeConstructorAccessorImpl.newInstance0(Native Method)
                        	at sun.reflect.NativeConstructorAccessorImpl.newInstance(NativeConstructorAccessorImpl.java:62)
                        	at sun.reflect.DelegatingConstructorAccessorImpl.newInstance(DelegatingConstructorAccessorImpl.java:45)
                        	at java.lang.reflect.Constructor.newInstance(Constructor.java:423)
                        	at org.openqa.selenium.remote.ErrorHandler.createThrowable(ErrorHandler.java:214)
                        	at org.openqa.selenium.remote.ErrorHandler.throwIfResponseFailed(ErrorHandler.java:166)
                        	at org.openqa.selenium.remote.JsonWireProtocolResponse.lambda$errorHandler$0(JsonWireProtocolResponse.java:54)
                        	at org.openqa.selenium.remote.HandshakeResponse.lambda$getResponseFunction$0(HandshakeResponse.java:30)
                        	at org.openqa.selenium.remote.ProtocolHandshake.lambda$createSession$0(ProtocolHandshake.java:126)
                        	at java.util.stream.ReferencePipeline$3$1.accept(ReferencePipeline.java:193)
                        	at java.util.Spliterators$ArraySpliterator.tryAdvance(Spliterators.java:958)
                        	at java.util.stream.ReferencePipeline.forEachWithCancel(ReferencePipeline.java:126)
                        	at java.util.stream.AbstractPipeline.copyIntoWithCancel(AbstractPipeline.java:498)
                        	at java.util.stream.AbstractPipeline.copyInto(AbstractPipeline.java:485)
                        	at java.util.stream.AbstractPipeline.wrapAndCopyInto(AbstractPipeline.java:471)
                        	at java.util.stream.FindOps$FindOp.evaluateSequential(FindOps.java:152)
                        	at java.util.stream.AbstractPipeline.evaluate(AbstractPipeline.java:234)
                        	at java.util.stream.ReferencePipeline.findFirst(ReferencePipeline.java:464)
                        	at org.openqa.selenium.remote.ProtocolHandshake.createSession(ProtocolHandshake.java:128)
                        	at org.openqa.selenium.remote.ProtocolHandshake.createSession(ProtocolHandshake.java:74)
                        	at org.openqa.selenium.remote.HttpCommandExecutor.execute(HttpCommandExecutor.java:136)
                        	at org.openqa.selenium.remote.service.DriverCommandExecutor.execute(DriverCommandExecutor.java:83)
                        	at org.openqa.selenium.remote.RemoteWebDriver.execute(RemoteWebDriver.java:552)
                        	at org.openqa.selenium.remote.RemoteWebDriver.startSession(RemoteWebDriver.java:213)
                        	at org.openqa.selenium.remote.RemoteWebDriver.&lt;init&gt;(RemoteWebDriver.java:131)
                        	at org.openqa.selenium.chrome.ChromeDriver.&lt;init&gt;(ChromeDriver.java:181)
                        	at org.openqa.selenium.chrome.ChromeDriver.&lt;init&gt;(ChromeDriver.java:168)
                        	at org.openqa.selenium.chrome.ChromeDriver.&lt;init&gt;(ChromeDriver.java:123)
                        	at com.qtpselenium.zoho.project.base.BaseTest.openBrowser(BaseTest.java:83)
                        	at com.qtpselenium.zoho.project.testcases.LeadTest.convertLeadTest(LeadTest.java:98)
                        	at sun.reflect.NativeMethodAccessorImpl.invoke0(Native Method)
                        	at sun.reflect.NativeMethodAccessorImpl.invoke(NativeMethodAccessorImpl.java:62)
                        	at sun.reflect.DelegatingMethodAccessorImpl.invoke(DelegatingMethodAccessorImpl.java:43)
                        	at java.lang.reflect.Method.invoke(Method.java:498)
                        	at org.testng.internal.MethodInvocationHelper.invokeMethod(MethodInvocationHelper.java:84)
                        	at org.testng.internal.Invoker.invokeMethod(Invoker.java:714)
                        	at org.testng.internal.Invoker.invokeTestMethod(Invoker.java:901)
                        	at org.testng.internal.Invoker.invokeTestMethods(Invoker.java:1231)
                        	at org.testng.internal.TestMethodWorker.invokeTestMethods(TestMethodWorker.java:127)
                        	at org.testng.internal.TestMethodWorker.run(TestMethodWorker.java:111)
                        	at org.testng.TestRunner.privateRun(TestRunner.java:767)
                        	at org.testng.TestRunner.run(TestRunner.java:617)
                        	at org.testng.SuiteRunner.runTest(SuiteRunner.java:334)
                        	at org.testng.SuiteRunner.runSequentially(SuiteRunner.java:329)
                        	at org.testng.SuiteRunner.privateRun(SuiteRunner.java:291)
                        	at org.testng.SuiteRunner.run(SuiteRunner.java:240)
                        	at org.testng.SuiteRunnerWorker.runSuite(SuiteRunnerWorker.java:52)
                        	at org.testng.SuiteRunnerWorker.run(SuiteRunnerWorker.java:86)
                        	at org.testng.TestNG.runSuitesSequentially(TestNG.java:1224)
                        	at org.testng.TestNG.runSuitesLocally(TestNG.java:1149)
                        	at org.testng.TestNG.run(TestNG.java:1057)
                        	at org.testng.TestNG.privateMain(TestNG.java:1364)
                        	at org.testng.TestNG.main(TestNG.java:1333)
                     </pre>
                  </div>
               </td>
            </tr>
            <tr id="com.qtpselenium.zoho.project.testcases.LeadTest_convertLeadTest_byStatus_failed_FAIL4_row"
                class="testMethodStatusFAIL">
               <td width="100%" class="firstMethodCell">
                  <a onclick="toggleDetailsVisibility('com.qtpselenium.zoho.project.testcases.LeadTest_convertLeadTest_byStatus_failed_FAIL4_details')">convertLeadTest({LeadLastName=Sharma, Runmode=N, LeadCompany=Lenovo, Browser=Chrome})</a>
               </td>
               <td nowrap="true">22:03:29</td>
               <td nowrap="true" align="right">3s
                  
               </td>
               <td nowrap="true">
                  <a onclick="toggleDetailsVisibility('com.qtpselenium.zoho.project.testcases.LeadTest_convertLeadTest_byStatus_failed_FAIL4_exception')">org.openqa.selenium.SessionNotCreatedException: 
                     session not created: Chrome version must be between 70 and 73
                     (Driver info: chromedriver=2.45.615291 (ec3682e3c9061c10f26ea9e5cdcf3c53f3f74387),platform=Windows NT 10.0.18362 x86_64) (WARNING:
                     The server did not provide any stacktrace information)
                     Command duration or timeout: 1.98 seconds
                     Build info: version: '3.141.59', revision: 'e82be7d358', time: '2018-11-14T08:25:53'
                     System info: host: 'DESKTOP-TKK5GPG', ip: '172.20.10.4', os.name: 'Windows 10', os.arch: 'amd64', os.version: '10.0', java.version:
                     '1.8.0_101'
                     Driver info: driver.version: ChromeDriver
                     
                  </a>
                   
                  
               </td>
            </tr>
            <tr>
               <td colspan="4" class="detailsBox">
                  <div id="com.qtpselenium.zoho.project.testcases.LeadTest_convertLeadTest_byStatus_failed_FAIL4_details"
                       class="testMethodDetails">
                     <div>
                        <b>Name: </b>convertLeadTest
                     </div>
                     <div>
                        <b>Signature: </b>convertLeadTest(java.util.Hashtable)[pri:0, instance:com.qtpselenium.zoho.project.testcases.LeadTest@7ac7a4e4]
                     </div>
                     <div>
                        <b>Parameters: </b>
                        
                        {LeadLastName=Sharma, Runmode=N, LeadCompany=Lenovo, Browser=Chrome}
                        
                        
                     </div>
                     <div>
                        <b>Start time: </b>22:03:29
                     </div>
                     <div>
                        <b>End time: </b>22:03:31
                     </div>
                     <div>
                        <b>Duration: </b>3s
                        
                     </div>
                  </div>
               </td>
            </tr>
            <tr>
               <td colspan="4" class="detailsBox">
                  <div id="com.qtpselenium.zoho.project.testcases.LeadTest_convertLeadTest_byStatus_failed_FAIL4_exception"
                       class="testMethodDetails">
                     <pre style="padding: 5px; margin: 0;">org.openqa.selenium.SessionNotCreatedException: session not created: Chrome version must be between 70 and 73
                        (Driver info: chromedriver=2.45.615291 (ec3682e3c9061c10f26ea9e5cdcf3c53f3f74387),platform=Windows NT 10.0.18362 x86_64) (WARNING:
                        The server did not provide any stacktrace information)
                        Command duration or timeout: 1.98 seconds
                        Build info: version: '3.141.59', revision: 'e82be7d358', time: '2018-11-14T08:25:53'
                        System info: host: 'DESKTOP-TKK5GPG', ip: '172.20.10.4', os.name: 'Windows 10', os.arch: 'amd64', os.version: '10.0', java.version:
                        '1.8.0_101'
                        Driver info: driver.version: ChromeDriver
                        	at sun.reflect.NativeConstructorAccessorImpl.newInstance0(Native Method)
                        	at sun.reflect.NativeConstructorAccessorImpl.newInstance(NativeConstructorAccessorImpl.java:62)
                        	at sun.reflect.DelegatingConstructorAccessorImpl.newInstance(DelegatingConstructorAccessorImpl.java:45)
                        	at java.lang.reflect.Constructor.newInstance(Constructor.java:423)
                        	at org.openqa.selenium.remote.ErrorHandler.createThrowable(ErrorHandler.java:214)
                        	at org.openqa.selenium.remote.ErrorHandler.throwIfResponseFailed(ErrorHandler.java:166)
                        	at org.openqa.selenium.remote.JsonWireProtocolResponse.lambda$errorHandler$0(JsonWireProtocolResponse.java:54)
                        	at org.openqa.selenium.remote.HandshakeResponse.lambda$getResponseFunction$0(HandshakeResponse.java:30)
                        	at org.openqa.selenium.remote.ProtocolHandshake.lambda$createSession$0(ProtocolHandshake.java:126)
                        	at java.util.stream.ReferencePipeline$3$1.accept(ReferencePipeline.java:193)
                        	at java.util.Spliterators$ArraySpliterator.tryAdvance(Spliterators.java:958)
                        	at java.util.stream.ReferencePipeline.forEachWithCancel(ReferencePipeline.java:126)
                        	at java.util.stream.AbstractPipeline.copyIntoWithCancel(AbstractPipeline.java:498)
                        	at java.util.stream.AbstractPipeline.copyInto(AbstractPipeline.java:485)
                        	at java.util.stream.AbstractPipeline.wrapAndCopyInto(AbstractPipeline.java:471)
                        	at java.util.stream.FindOps$FindOp.evaluateSequential(FindOps.java:152)
                        	at java.util.stream.AbstractPipeline.evaluate(AbstractPipeline.java:234)
                        	at java.util.stream.ReferencePipeline.findFirst(ReferencePipeline.java:464)
                        	at org.openqa.selenium.remote.ProtocolHandshake.createSession(ProtocolHandshake.java:128)
                        	at org.openqa.selenium.remote.ProtocolHandshake.createSession(ProtocolHandshake.java:74)
                        	at org.openqa.selenium.remote.HttpCommandExecutor.execute(HttpCommandExecutor.java:136)
                        	at org.openqa.selenium.remote.service.DriverCommandExecutor.execute(DriverCommandExecutor.java:83)
                        	at org.openqa.selenium.remote.RemoteWebDriver.execute(RemoteWebDriver.java:552)
                        	at org.openqa.selenium.remote.RemoteWebDriver.startSession(RemoteWebDriver.java:213)
                        	at org.openqa.selenium.remote.RemoteWebDriver.&lt;init&gt;(RemoteWebDriver.java:131)
                        	at org.openqa.selenium.chrome.ChromeDriver.&lt;init&gt;(ChromeDriver.java:181)
                        	at org.openqa.selenium.chrome.ChromeDriver.&lt;init&gt;(ChromeDriver.java:168)
                        	at org.openqa.selenium.chrome.ChromeDriver.&lt;init&gt;(ChromeDriver.java:123)
                        	at com.qtpselenium.zoho.project.base.BaseTest.openBrowser(BaseTest.java:83)
                        	at com.qtpselenium.zoho.project.testcases.LeadTest.convertLeadTest(LeadTest.java:98)
                        	at sun.reflect.NativeMethodAccessorImpl.invoke0(Native Method)
                        	at sun.reflect.NativeMethodAccessorImpl.invoke(NativeMethodAccessorImpl.java:62)
                        	at sun.reflect.DelegatingMethodAccessorImpl.invoke(DelegatingMethodAccessorImpl.java:43)
                        	at java.lang.reflect.Method.invoke(Method.java:498)
                        	at org.testng.internal.MethodInvocationHelper.invokeMethod(MethodInvocationHelper.java:84)
                        	at org.testng.internal.Invoker.invokeMethod(Invoker.java:714)
                        	at org.testng.internal.Invoker.invokeTestMethod(Invoker.java:901)
                        	at org.testng.internal.Invoker.invokeTestMethods(Invoker.java:1231)
                        	at org.testng.internal.TestMethodWorker.invokeTestMethods(TestMethodWorker.java:127)
                        	at org.testng.internal.TestMethodWorker.run(TestMethodWorker.java:111)
                        	at org.testng.TestRunner.privateRun(TestRunner.java:767)
                        	at org.testng.TestRunner.run(TestRunner.java:617)
                        	at org.testng.SuiteRunner.runTest(SuiteRunner.java:334)
                        	at org.testng.SuiteRunner.runSequentially(SuiteRunner.java:329)
                        	at org.testng.SuiteRunner.privateRun(SuiteRunner.java:291)
                        	at org.testng.SuiteRunner.run(SuiteRunner.java:240)
                        	at org.testng.SuiteRunnerWorker.runSuite(SuiteRunnerWorker.java:52)
                        	at org.testng.SuiteRunnerWorker.run(SuiteRunnerWorker.java:86)
                        	at org.testng.TestNG.runSuitesSequentially(TestNG.java:1224)
                        	at org.testng.TestNG.runSuitesLocally(TestNG.java:1149)
                        	at org.testng.TestNG.run(TestNG.java:1057)
                        	at org.testng.TestNG.privateMain(TestNG.java:1364)
                        	at org.testng.TestNG.main(TestNG.java:1333)
                     </pre>
                  </div>
               </td>
            </tr>
            <tr id="com.qtpselenium.zoho.project.testcases.LeadTest_start_byStatus_passed_PASS1_row"
                class="testMethodStatusPASS testMethodStatusCONF">
               <td width="100%" class="firstMethodCell">
                  <a onclick="toggleDetailsVisibility('com.qtpselenium.zoho.project.testcases.LeadTest_start_byStatus_passed_PASS1_details')">start()</a>
               </td>
               <td nowrap="true">22:01:27</td>
               <td nowrap="true" align="right">3 ms
                  
               </td>
               <td nowrap="true">
                   
                  
               </td>
            </tr>
            <tr>
               <td colspan="4" class="detailsBox">
                  <div id="com.qtpselenium.zoho.project.testcases.LeadTest_start_byStatus_passed_PASS1_details"
                       class="testMethodDetails">
                     <div>
                        <b>Name: </b>start
                     </div>
                     <div>
                        <b>Signature: </b>start()[pri:0, instance:com.qtpselenium.zoho.project.testcases.LeadTest@7ac7a4e4]
                     </div>
                     <div>
                        <b>Start time: </b>22:01:27
                     </div>
                     <div>
                        <b>End time: </b>22:01:27
                     </div>
                     <div>
                        <b>Duration: </b>3 ms
                        
                     </div>
                  </div>
               </td>
            </tr>
            <tr></tr>
            <tr id="com.qtpselenium.zoho.project.testcases.LeadTest_createLeadTest_byStatus_passed_PASS2_row"
                class="testMethodStatusPASS">
               <td width="100%" class="firstMethodCell">
                  <a onclick="toggleDetailsVisibility('com.qtpselenium.zoho.project.testcases.LeadTest_createLeadTest_byStatus_passed_PASS2_details')">createLeadTest({Username=its.thakur@gmail.com, ExpectedResult=Y, Password=pass@1234, Runmode=Y, Browser=Mozilla})</a>
               </td>
               <td nowrap="true">22:01:27</td>
               <td nowrap="true" align="right">59s
                  
               </td>
               <td nowrap="true">
                   
                  
               </td>
            </tr>
            <tr>
               <td colspan="4" class="detailsBox">
                  <div id="com.qtpselenium.zoho.project.testcases.LeadTest_createLeadTest_byStatus_passed_PASS2_details"
                       class="testMethodDetails">
                     <div>
                        <b>Name: </b>createLeadTest
                     </div>
                     <div>
                        <b>Signature: </b>createLeadTest(java.util.Hashtable)[pri:0, instance:com.qtpselenium.zoho.project.testcases.LeadTest@7ac7a4e4]
                     </div>
                     <div>
                        <b>Parameters: </b>
                        
                        {Username=its.thakur@gmail.com, ExpectedResult=Y, Password=pass@1234, Runmode=Y, Browser=Mozilla}
                        
                        
                     </div>
                     <div>
                        <b>Start time: </b>22:01:27
                     </div>
                     <div>
                        <b>End time: </b>22:02:26
                     </div>
                     <div>
                        <b>Duration: </b>59s
                        
                     </div>
                  </div>
               </td>
            </tr>
            <tr></tr>
            <tr id="com.qtpselenium.zoho.project.testcases.LeadTest_afterTest_byStatus_passed_PASS3_row"
                class="testMethodStatusPASS testMethodStatusCONF">
               <td width="100%" class="firstMethodCell">
                  <a onclick="toggleDetailsVisibility('com.qtpselenium.zoho.project.testcases.LeadTest_afterTest_byStatus_passed_PASS3_details')">afterTest()</a>
               </td>
               <td nowrap="true">22:02:26</td>
               <td nowrap="true" align="right">3s
                  
               </td>
               <td nowrap="true">
                   
                  
               </td>
            </tr>
            <tr>
               <td colspan="4" class="detailsBox">
                  <div id="com.qtpselenium.zoho.project.testcases.LeadTest_afterTest_byStatus_passed_PASS3_details"
                       class="testMethodDetails">
                     <div>
                        <b>Name: </b>afterTest
                     </div>
                     <div>
                        <b>Signature: </b>afterTest()[pri:0, instance:com.qtpselenium.zoho.project.testcases.LeadTest@7ac7a4e4]
                     </div>
                     <div>
                        <b>Start time: </b>22:02:26
                     </div>
                     <div>
                        <b>End time: </b>22:02:29
                     </div>
                     <div>
                        <b>Duration: </b>3s
                        
                     </div>
                  </div>
               </td>
            </tr>
            <tr></tr>
            <tr id="com.qtpselenium.zoho.project.testcases.LeadTest_start_byStatus_passed_PASS4_row"
                class="testMethodStatusPASS testMethodStatusCONF">
               <td width="100%" class="firstMethodCell">
                  <a onclick="toggleDetailsVisibility('com.qtpselenium.zoho.project.testcases.LeadTest_start_byStatus_passed_PASS4_details')">start()</a>
               </td>
               <td nowrap="true">22:02:29</td>
               <td nowrap="true" align="right">0 ms
                  
               </td>
               <td nowrap="true">
                   
                  
               </td>
            </tr>
            <tr>
               <td colspan="4" class="detailsBox">
                  <div id="com.qtpselenium.zoho.project.testcases.LeadTest_start_byStatus_passed_PASS4_details"
                       class="testMethodDetails">
                     <div>
                        <b>Name: </b>start
                     </div>
                     <div>
                        <b>Signature: </b>start()[pri:0, instance:com.qtpselenium.zoho.project.testcases.LeadTest@7ac7a4e4]
                     </div>
                     <div>
                        <b>Start time: </b>22:02:29
                     </div>
                     <div>
                        <b>End time: </b>22:02:29
                     </div>
                     <div>
                        <b>Duration: </b>0 ms
                        
                     </div>
                  </div>
               </td>
            </tr>
            <tr></tr>
            <tr id="com.qtpselenium.zoho.project.testcases.LeadTest_afterTest_byStatus_passed_PASS5_row"
                class="testMethodStatusPASS testMethodStatusCONF">
               <td width="100%" class="firstMethodCell">
                  <a onclick="toggleDetailsVisibility('com.qtpselenium.zoho.project.testcases.LeadTest_afterTest_byStatus_passed_PASS5_details')">afterTest()</a>
               </td>
               <td nowrap="true">22:02:31</td>
               <td nowrap="true" align="right">88 ms
                  
               </td>
               <td nowrap="true">
                   
                  
               </td>
            </tr>
            <tr>
               <td colspan="4" class="detailsBox">
                  <div id="com.qtpselenium.zoho.project.testcases.LeadTest_afterTest_byStatus_passed_PASS5_details"
                       class="testMethodDetails">
                     <div>
                        <b>Name: </b>afterTest
                     </div>
                     <div>
                        <b>Signature: </b>afterTest()[pri:0, instance:com.qtpselenium.zoho.project.testcases.LeadTest@7ac7a4e4]
                     </div>
                     <div>
                        <b>Start time: </b>22:02:31
                     </div>
                     <div>
                        <b>End time: </b>22:02:31
                     </div>
                     <div>
                        <b>Duration: </b>88 ms
                        
                     </div>
                  </div>
               </td>
            </tr>
            <tr></tr>
            <tr id="com.qtpselenium.zoho.project.testcases.LeadTest_convertLeadTest_byStatus_passed_PASS6_row"
                class="testMethodStatusPASS">
               <td width="100%" class="firstMethodCell">
                  <a onclick="toggleDetailsVisibility('com.qtpselenium.zoho.project.testcases.LeadTest_convertLeadTest_byStatus_passed_PASS6_details')">convertLeadTest({LeadLastName=Wilson, Runmode=N, LeadCompany=Samsung, Browser=Mozilla})</a>
               </td>
               <td nowrap="true">22:02:31</td>
               <td nowrap="true" align="right">51s
                  
               </td>
               <td nowrap="true">
                   
                  
               </td>
            </tr>
            <tr>
               <td colspan="4" class="detailsBox">
                  <div id="com.qtpselenium.zoho.project.testcases.LeadTest_convertLeadTest_byStatus_passed_PASS6_details"
                       class="testMethodDetails">
                     <div>
                        <b>Name: </b>convertLeadTest
                     </div>
                     <div>
                        <b>Signature: </b>convertLeadTest(java.util.Hashtable)[pri:0, instance:com.qtpselenium.zoho.project.testcases.LeadTest@7ac7a4e4]
                     </div>
                     <div>
                        <b>Parameters: </b>
                        
                        {LeadLastName=Wilson, Runmode=N, LeadCompany=Samsung, Browser=Mozilla}
                        
                        
                     </div>
                     <div>
                        <b>Start time: </b>22:02:31
                     </div>
                     <div>
                        <b>End time: </b>22:03:22
                     </div>
                     <div>
                        <b>Duration: </b>51s
                        
                     </div>
                  </div>
               </td>
            </tr>
            <tr></tr>
            <tr id="com.qtpselenium.zoho.project.testcases.LeadTest_start_byStatus_passed_PASS7_row"
                class="testMethodStatusPASS testMethodStatusCONF">
               <td width="100%" class="firstMethodCell">
                  <a onclick="toggleDetailsVisibility('com.qtpselenium.zoho.project.testcases.LeadTest_start_byStatus_passed_PASS7_details')">start()</a>
               </td>
               <td nowrap="true">22:02:31</td>
               <td nowrap="true" align="right">0 ms
                  
               </td>
               <td nowrap="true">
                   
                  
               </td>
            </tr>
            <tr>
               <td colspan="4" class="detailsBox">
                  <div id="com.qtpselenium.zoho.project.testcases.LeadTest_start_byStatus_passed_PASS7_details"
                       class="testMethodDetails">
                     <div>
                        <b>Name: </b>start
                     </div>
                     <div>
                        <b>Signature: </b>start()[pri:0, instance:com.qtpselenium.zoho.project.testcases.LeadTest@7ac7a4e4]
                     </div>
                     <div>
                        <b>Start time: </b>22:02:31
                     </div>
                     <div>
                        <b>End time: </b>22:02:31
                     </div>
                     <div>
                        <b>Duration: </b>0 ms
                        
                     </div>
                  </div>
               </td>
            </tr>
            <tr></tr>
            <tr id="com.qtpselenium.zoho.project.testcases.LeadTest_afterTest_byStatus_passed_PASS8_row"
                class="testMethodStatusPASS testMethodStatusCONF">
               <td width="100%" class="firstMethodCell">
                  <a onclick="toggleDetailsVisibility('com.qtpselenium.zoho.project.testcases.LeadTest_afterTest_byStatus_passed_PASS8_details')">afterTest()</a>
               </td>
               <td nowrap="true">22:03:22</td>
               <td nowrap="true" align="right">3s
                  
               </td>
               <td nowrap="true">
                   
                  
               </td>
            </tr>
            <tr>
               <td colspan="4" class="detailsBox">
                  <div id="com.qtpselenium.zoho.project.testcases.LeadTest_afterTest_byStatus_passed_PASS8_details"
                       class="testMethodDetails">
                     <div>
                        <b>Name: </b>afterTest
                     </div>
                     <div>
                        <b>Signature: </b>afterTest()[pri:0, instance:com.qtpselenium.zoho.project.testcases.LeadTest@7ac7a4e4]
                     </div>
                     <div>
                        <b>Start time: </b>22:03:22
                     </div>
                     <div>
                        <b>End time: </b>22:03:25
                     </div>
                     <div>
                        <b>Duration: </b>3s
                        
                     </div>
                  </div>
               </td>
            </tr>
            <tr></tr>
            <tr id="com.qtpselenium.zoho.project.testcases.LeadTest_start_byStatus_passed_PASS9_row"
                class="testMethodStatusPASS testMethodStatusCONF">
               <td width="100%" class="firstMethodCell">
                  <a onclick="toggleDetailsVisibility('com.qtpselenium.zoho.project.testcases.LeadTest_start_byStatus_passed_PASS9_details')">start()</a>
               </td>
               <td nowrap="true">22:03:25</td>
               <td nowrap="true" align="right">0 ms
                  
               </td>
               <td nowrap="true">
                   
                  
               </td>
            </tr>
            <tr>
               <td colspan="4" class="detailsBox">
                  <div id="com.qtpselenium.zoho.project.testcases.LeadTest_start_byStatus_passed_PASS9_details"
                       class="testMethodDetails">
                     <div>
                        <b>Name: </b>start
                     </div>
                     <div>
                        <b>Signature: </b>start()[pri:0, instance:com.qtpselenium.zoho.project.testcases.LeadTest@7ac7a4e4]
                     </div>
                     <div>
                        <b>Start time: </b>22:03:25
                     </div>
                     <div>
                        <b>End time: </b>22:03:25
                     </div>
                     <div>
                        <b>Duration: </b>0 ms
                        
                     </div>
                  </div>
               </td>
            </tr>
            <tr></tr>
            <tr id="com.qtpselenium.zoho.project.testcases.LeadTest_afterTest_byStatus_passed_PASS10_row"
                class="testMethodStatusPASS testMethodStatusCONF">
               <td width="100%" class="firstMethodCell">
                  <a onclick="toggleDetailsVisibility('com.qtpselenium.zoho.project.testcases.LeadTest_afterTest_byStatus_passed_PASS10_details')">afterTest()</a>
               </td>
               <td nowrap="true">22:03:27</td>
               <td nowrap="true" align="right">54 ms
                  
               </td>
               <td nowrap="true">
                   
                  
               </td>
            </tr>
            <tr>
               <td colspan="4" class="detailsBox">
                  <div id="com.qtpselenium.zoho.project.testcases.LeadTest_afterTest_byStatus_passed_PASS10_details"
                       class="testMethodDetails">
                     <div>
                        <b>Name: </b>afterTest
                     </div>
                     <div>
                        <b>Signature: </b>afterTest()[pri:0, instance:com.qtpselenium.zoho.project.testcases.LeadTest@7ac7a4e4]
                     </div>
                     <div>
                        <b>Start time: </b>22:03:27
                     </div>
                     <div>
                        <b>End time: </b>22:03:27
                     </div>
                     <div>
                        <b>Duration: </b>54 ms
                        
                     </div>
                  </div>
               </td>
            </tr>
            <tr></tr>
            <tr id="com.qtpselenium.zoho.project.testcases.LeadTest_start_byStatus_passed_PASS11_row"
                class="testMethodStatusPASS testMethodStatusCONF">
               <td width="100%" class="firstMethodCell">
                  <a onclick="toggleDetailsVisibility('com.qtpselenium.zoho.project.testcases.LeadTest_start_byStatus_passed_PASS11_details')">start()</a>
               </td>
               <td nowrap="true">22:03:27</td>
               <td nowrap="true" align="right">0 ms
                  
               </td>
               <td nowrap="true">
                   
                  
               </td>
            </tr>
            <tr>
               <td colspan="4" class="detailsBox">
                  <div id="com.qtpselenium.zoho.project.testcases.LeadTest_start_byStatus_passed_PASS11_details"
                       class="testMethodDetails">
                     <div>
                        <b>Name: </b>start
                     </div>
                     <div>
                        <b>Signature: </b>start()[pri:0, instance:com.qtpselenium.zoho.project.testcases.LeadTest@7ac7a4e4]
                     </div>
                     <div>
                        <b>Start time: </b>22:03:27
                     </div>
                     <div>
                        <b>End time: </b>22:03:27
                     </div>
                     <div>
                        <b>Duration: </b>0 ms
                        
                     </div>
                  </div>
               </td>
            </tr>
            <tr></tr>
            <tr id="com.qtpselenium.zoho.project.testcases.LeadTest_afterTest_byStatus_passed_PASS12_row"
                class="testMethodStatusPASS testMethodStatusCONF">
               <td width="100%" class="firstMethodCell">
                  <a onclick="toggleDetailsVisibility('com.qtpselenium.zoho.project.testcases.LeadTest_afterTest_byStatus_passed_PASS12_details')">afterTest()</a>
               </td>
               <td nowrap="true">22:03:29</td>
               <td nowrap="true" align="right">82 ms
                  
               </td>
               <td nowrap="true">
                   
                  
               </td>
            </tr>
            <tr>
               <td colspan="4" class="detailsBox">
                  <div id="com.qtpselenium.zoho.project.testcases.LeadTest_afterTest_byStatus_passed_PASS12_details"
                       class="testMethodDetails">
                     <div>
                        <b>Name: </b>afterTest
                     </div>
                     <div>
                        <b>Signature: </b>afterTest()[pri:0, instance:com.qtpselenium.zoho.project.testcases.LeadTest@7ac7a4e4]
                     </div>
                     <div>
                        <b>Start time: </b>22:03:29
                     </div>
                     <div>
                        <b>End time: </b>22:03:29
                     </div>
                     <div>
                        <b>Duration: </b>82 ms
                        
                     </div>
                  </div>
               </td>
            </tr>
            <tr></tr>
            <tr id="com.qtpselenium.zoho.project.testcases.LeadTest_start_byStatus_passed_PASS13_row"
                class="testMethodStatusPASS testMethodStatusCONF">
               <td width="100%" class="firstMethodCell">
                  <a onclick="toggleDetailsVisibility('com.qtpselenium.zoho.project.testcases.LeadTest_start_byStatus_passed_PASS13_details')">start()</a>
               </td>
               <td nowrap="true">22:03:29</td>
               <td nowrap="true" align="right">0 ms
                  
               </td>
               <td nowrap="true">
                   
                  
               </td>
            </tr>
            <tr>
               <td colspan="4" class="detailsBox">
                  <div id="com.qtpselenium.zoho.project.testcases.LeadTest_start_byStatus_passed_PASS13_details"
                       class="testMethodDetails">
                     <div>
                        <b>Name: </b>start
                     </div>
                     <div>
                        <b>Signature: </b>start()[pri:0, instance:com.qtpselenium.zoho.project.testcases.LeadTest@7ac7a4e4]
                     </div>
                     <div>
                        <b>Start time: </b>22:03:29
                     </div>
                     <div>
                        <b>End time: </b>22:03:29
                     </div>
                     <div>
                        <b>Duration: </b>0 ms
                        
                     </div>
                  </div>
               </td>
            </tr>
            <tr></tr>
            <tr id="com.qtpselenium.zoho.project.testcases.LeadTest_afterTest_byStatus_passed_PASS14_row"
                class="testMethodStatusPASS testMethodStatusCONF">
               <td width="100%" class="firstMethodCell">
                  <a onclick="toggleDetailsVisibility('com.qtpselenium.zoho.project.testcases.LeadTest_afterTest_byStatus_passed_PASS14_details')">afterTest()</a>
               </td>
               <td nowrap="true">22:03:31</td>
               <td nowrap="true" align="right">60 ms
                  
               </td>
               <td nowrap="true">
                   
                  
               </td>
            </tr>
            <tr>
               <td colspan="4" class="detailsBox">
                  <div id="com.qtpselenium.zoho.project.testcases.LeadTest_afterTest_byStatus_passed_PASS14_details"
                       class="testMethodDetails">
                     <div>
                        <b>Name: </b>afterTest
                     </div>
                     <div>
                        <b>Signature: </b>afterTest()[pri:0, instance:com.qtpselenium.zoho.project.testcases.LeadTest@7ac7a4e4]
                     </div>
                     <div>
                        <b>Start time: </b>22:03:31
                     </div>
                     <div>
                        <b>End time: </b>22:03:31
                     </div>
                     <div>
                        <b>Duration: </b>60 ms
                        
                     </div>
                  </div>
               </td>
            </tr>
            <tr></tr>
            <tr id="com.qtpselenium.zoho.project.testcases.LeadTest_start_byStatus_passed_PASS15_row"
                class="testMethodStatusPASS testMethodStatusCONF">
               <td width="100%" class="firstMethodCell">
                  <a onclick="toggleDetailsVisibility('com.qtpselenium.zoho.project.testcases.LeadTest_start_byStatus_passed_PASS15_details')">start()</a>
               </td>
               <td nowrap="true">22:03:31</td>
               <td nowrap="true" align="right">1 ms
                  
               </td>
               <td nowrap="true">
                   
                  
               </td>
            </tr>
            <tr>
               <td colspan="4" class="detailsBox">
                  <div id="com.qtpselenium.zoho.project.testcases.LeadTest_start_byStatus_passed_PASS15_details"
                       class="testMethodDetails">
                     <div>
                        <b>Name: </b>start
                     </div>
                     <div>
                        <b>Signature: </b>start()[pri:0, instance:com.qtpselenium.zoho.project.testcases.LeadTest@7ac7a4e4]
                     </div>
                     <div>
                        <b>Start time: </b>22:03:31
                     </div>
                     <div>
                        <b>End time: </b>22:03:31
                     </div>
                     <div>
                        <b>Duration: </b>1 ms
                        
                     </div>
                  </div>
               </td>
            </tr>
            <tr></tr>
            <tr id="com.qtpselenium.zoho.project.testcases.LeadTest_afterTest_byStatus_passed_PASS16_row"
                class="testMethodStatusPASS testMethodStatusCONF">
               <td width="100%" class="firstMethodCell">
                  <a onclick="toggleDetailsVisibility('com.qtpselenium.zoho.project.testcases.LeadTest_afterTest_byStatus_passed_PASS16_details')">afterTest()</a>
               </td>
               <td nowrap="true">22:03:31</td>
               <td nowrap="true" align="right">54 ms
                  
               </td>
               <td nowrap="true">
                   
                  
               </td>
            </tr>
            <tr>
               <td colspan="4" class="detailsBox">
                  <div id="com.qtpselenium.zoho.project.testcases.LeadTest_afterTest_byStatus_passed_PASS16_details"
                       class="testMethodDetails">
                     <div>
                        <b>Name: </b>afterTest
                     </div>
                     <div>
                        <b>Signature: </b>afterTest()[pri:0, instance:com.qtpselenium.zoho.project.testcases.LeadTest@7ac7a4e4]
                     </div>
                     <div>
                        <b>Start time: </b>22:03:31
                     </div>
                     <div>
                        <b>End time: </b>22:03:31
                     </div>
                     <div>
                        <b>Duration: </b>54 ms
                        
                     </div>
                  </div>
               </td>
            </tr>
            <tr></tr>
            <tr id="com.qtpselenium.zoho.project.testcases.LeadTest_deleteLeadTest_byStatus_passed_PASS17_row"
                class="testMethodStatusPASS">
               <td width="100%" class="firstMethodCell">
                  <a onclick="toggleDetailsVisibility('com.qtpselenium.zoho.project.testcases.LeadTest_deleteLeadTest_byStatus_passed_PASS17_details')">deleteLeadTest({LeadLastName=Chambers, Runmode=Y, LeadCompany=CISCO, Browser=Mozilla})</a>
               </td>
               <td nowrap="true">22:03:31</td>
               <td nowrap="true" align="right">0 ms
                  
               </td>
               <td nowrap="true">
                   
                  
               </td>
            </tr>
            <tr>
               <td colspan="4" class="detailsBox">
                  <div id="com.qtpselenium.zoho.project.testcases.LeadTest_deleteLeadTest_byStatus_passed_PASS17_details"
                       class="testMethodDetails">
                     <div>
                        <b>Name: </b>deleteLeadTest
                     </div>
                     <div>
                        <b>Signature: </b>deleteLeadTest(java.util.Hashtable)[pri:0, instance:com.qtpselenium.zoho.project.testcases.LeadTest@7ac7a4e4]
                     </div>
                     <div>
                        <b>Parameters: </b>
                        
                        {LeadLastName=Chambers, Runmode=Y, LeadCompany=CISCO, Browser=Mozilla}
                        
                        
                     </div>
                     <div>
                        <b>Start time: </b>22:03:31
                     </div>
                     <div>
                        <b>End time: </b>22:03:31
                     </div>
                     <div>
                        <b>Duration: </b>0 ms
                        
                     </div>
                  </div>
               </td>
            </tr>
            <tr></tr>
            <tr id="com.qtpselenium.zoho.project.testcases.PotentialTest_start_byStatus_passed_PASS18_row"
                class="testMethodStatusPASS testMethodStatusCONF">
               <td width="100%" class="firstMethodCell">
                  <a onclick="toggleDetailsVisibility('com.qtpselenium.zoho.project.testcases.PotentialTest_start_byStatus_passed_PASS18_details')">start()</a>
               </td>
               <td nowrap="true">22:03:32</td>
               <td nowrap="true" align="right">1 ms
                  
               </td>
               <td nowrap="true">
                   
                  
               </td>
            </tr>
            <tr>
               <td colspan="4" class="detailsBox">
                  <div id="com.qtpselenium.zoho.project.testcases.PotentialTest_start_byStatus_passed_PASS18_details"
                       class="testMethodDetails">
                     <div>
                        <b>Name: </b>start
                     </div>
                     <div>
                        <b>Signature: </b>start()[pri:0, instance:com.qtpselenium.zoho.project.testcases.PotentialTest@68be2bc2]
                     </div>
                     <div>
                        <b>Start time: </b>22:03:32
                     </div>
                     <div>
                        <b>End time: </b>22:03:32
                     </div>
                     <div>
                        <b>Duration: </b>1 ms
                        
                     </div>
                  </div>
               </td>
            </tr>
            <tr></tr>
            <tr id="com.qtpselenium.zoho.project.testcases.PotentialTest_createPotentialTest_byStatus_passed_PASS19_row"
                class="testMethodStatusPASS">
               <td width="100%" class="firstMethodCell">
                  <a onclick="toggleDetailsVisibility('com.qtpselenium.zoho.project.testcases.PotentialTest_createPotentialTest_byStatus_passed_PASS19_details')">createPotentialTest({PotentialName=Henry, Runmode=Y, AccountName=Ford Motors, ClosingDate=5/8/2016, Stage=Qualification, Browser=Mozilla})</a>
               </td>
               <td nowrap="true">22:03:32</td>
               <td nowrap="true" align="right">43 ms
                  
               </td>
               <td nowrap="true">
                   
                  
               </td>
            </tr>
            <tr>
               <td colspan="4" class="detailsBox">
                  <div id="com.qtpselenium.zoho.project.testcases.PotentialTest_createPotentialTest_byStatus_passed_PASS19_details"
                       class="testMethodDetails">
                     <div>
                        <b>Name: </b>createPotentialTest
                     </div>
                     <div>
                        <b>Signature: </b>createPotentialTest(java.util.Hashtable)[pri:0, instance:com.qtpselenium.zoho.project.testcases.PotentialTest@68be2bc2]
                     </div>
                     <div>
                        <b>Parameters: </b>
                        
                        {PotentialName=Henry, Runmode=Y, AccountName=Ford Motors, ClosingDate=5/8/2016, Stage=Qualification, Browser=Mozilla}
                        
                        
                     </div>
                     <div>
                        <b>Start time: </b>22:03:32
                     </div>
                     <div>
                        <b>End time: </b>22:03:32
                     </div>
                     <div>
                        <b>Duration: </b>43 ms
                        
                     </div>
                  </div>
               </td>
            </tr>
            <tr></tr>
            <tr id="com.qtpselenium.zoho.project.testcases.PotentialTest_afterTest_byStatus_passed_PASS20_row"
                class="testMethodStatusPASS testMethodStatusCONF">
               <td width="100%" class="firstMethodCell">
                  <a onclick="toggleDetailsVisibility('com.qtpselenium.zoho.project.testcases.PotentialTest_afterTest_byStatus_passed_PASS20_details')">afterTest()</a>
               </td>
               <td nowrap="true">22:03:32</td>
               <td nowrap="true" align="right">56 ms
                  
               </td>
               <td nowrap="true">
                   
                  
               </td>
            </tr>
            <tr>
               <td colspan="4" class="detailsBox">
                  <div id="com.qtpselenium.zoho.project.testcases.PotentialTest_afterTest_byStatus_passed_PASS20_details"
                       class="testMethodDetails">
                     <div>
                        <b>Name: </b>afterTest
                     </div>
                     <div>
                        <b>Signature: </b>afterTest()[pri:0, instance:com.qtpselenium.zoho.project.testcases.PotentialTest@68be2bc2]
                     </div>
                     <div>
                        <b>Start time: </b>22:03:32
                     </div>
                     <div>
                        <b>End time: </b>22:03:32
                     </div>
                     <div>
                        <b>Duration: </b>56 ms
                        
                     </div>
                  </div>
               </td>
            </tr>
            <tr></tr>
            <tr id="com.qtpselenium.zoho.project.testcases.PotentialTest_deletePotentialAccountTest_byStatus_passed_PASS21_row"
                class="testMethodStatusPASS">
               <td width="100%" class="firstMethodCell">
                  <a onclick="toggleDetailsVisibility('com.qtpselenium.zoho.project.testcases.PotentialTest_deletePotentialAccountTest_byStatus_passed_PASS21_details')">deletePotentialAccountTest({PotentialName=Henry, Runmode=Y, AccountName=Ford Motors, ClosingDate=5/8/2016, Stage=Qualification,
                     Browser=Mozilla})
                  </a>
               </td>
               <td nowrap="true">22:03:32</td>
               <td nowrap="true" align="right">50 ms
                  
               </td>
               <td nowrap="true">
                   
                  
               </td>
            </tr>
            <tr>
               <td colspan="4" class="detailsBox">
                  <div id="com.qtpselenium.zoho.project.testcases.PotentialTest_deletePotentialAccountTest_byStatus_passed_PASS21_details"
                       class="testMethodDetails">
                     <div>
                        <b>Name: </b>deletePotentialAccountTest
                     </div>
                     <div>
                        <b>Signature: </b>deletePotentialAccountTest(java.util.Hashtable)[pri:0, instance:com.qtpselenium.zoho.project.testcases.PotentialTest@68be2bc2]
                     </div>
                     <div>
                        <b>Parameters: </b>
                        
                        {PotentialName=Henry, Runmode=Y, AccountName=Ford Motors, ClosingDate=5/8/2016, Stage=Qualification, Browser=Mozilla}
                        
                        
                     </div>
                     <div>
                        <b>Start time: </b>22:03:32
                     </div>
                     <div>
                        <b>End time: </b>22:03:32
                     </div>
                     <div>
                        <b>Duration: </b>50 ms
                        
                     </div>
                  </div>
               </td>
            </tr>
            <tr></tr>
            <tr id="com.qtpselenium.zoho.project.testcases.PotentialTest_start_byStatus_passed_PASS22_row"
                class="testMethodStatusPASS testMethodStatusCONF">
               <td width="100%" class="firstMethodCell">
                  <a onclick="toggleDetailsVisibility('com.qtpselenium.zoho.project.testcases.PotentialTest_start_byStatus_passed_PASS22_details')">start()</a>
               </td>
               <td nowrap="true">22:03:32</td>
               <td nowrap="true" align="right">0 ms
                  
               </td>
               <td nowrap="true">
                   
                  
               </td>
            </tr>
            <tr>
               <td colspan="4" class="detailsBox">
                  <div id="com.qtpselenium.zoho.project.testcases.PotentialTest_start_byStatus_passed_PASS22_details"
                       class="testMethodDetails">
                     <div>
                        <b>Name: </b>start
                     </div>
                     <div>
                        <b>Signature: </b>start()[pri:0, instance:com.qtpselenium.zoho.project.testcases.PotentialTest@68be2bc2]
                     </div>
                     <div>
                        <b>Start time: </b>22:03:32
                     </div>
                     <div>
                        <b>End time: </b>22:03:32
                     </div>
                     <div>
                        <b>Duration: </b>0 ms
                        
                     </div>
                  </div>
               </td>
            </tr>
            <tr></tr>
            <tr id="com.qtpselenium.zoho.project.testcases.PotentialTest_afterTest_byStatus_passed_PASS23_row"
                class="testMethodStatusPASS testMethodStatusCONF">
               <td width="100%" class="firstMethodCell">
                  <a onclick="toggleDetailsVisibility('com.qtpselenium.zoho.project.testcases.PotentialTest_afterTest_byStatus_passed_PASS23_details')">afterTest()</a>
               </td>
               <td nowrap="true">22:03:32</td>
               <td nowrap="true" align="right">61 ms
                  
               </td>
               <td nowrap="true">
                   
                  
               </td>
            </tr>
            <tr>
               <td colspan="4" class="detailsBox">
                  <div id="com.qtpselenium.zoho.project.testcases.PotentialTest_afterTest_byStatus_passed_PASS23_details"
                       class="testMethodDetails">
                     <div>
                        <b>Name: </b>afterTest
                     </div>
                     <div>
                        <b>Signature: </b>afterTest()[pri:0, instance:com.qtpselenium.zoho.project.testcases.PotentialTest@68be2bc2]
                     </div>
                     <div>
                        <b>Start time: </b>22:03:32
                     </div>
                     <div>
                        <b>End time: </b>22:03:32
                     </div>
                     <div>
                        <b>Duration: </b>61 ms
                        
                     </div>
                  </div>
               </td>
            </tr>
            <tr></tr>
         </table>
      </div>
      <div id="testMethodsByClass" style="display: none;">
         <table class="testMethodsTable" cellpadding="0" cellspacing="0">
            <tr>
               <td colspan="4">
                  <h3 style="display: inline;">com.qtpselenium.zoho.project.testcases.LeadTest</h3>
               </td>
            </tr>
            <tr class="methodsTableHeader">
               <td width="100%">Name</td>
               <td nowrap="true">Started</td>
               <td nowrap="true">Duration</td>
               <td>Exception</td>
            </tr>
            <tr id="com.qtpselenium.zoho.project.testcases.LeadTest_start_byClass_PASS1_row"
                class="testMethodStatusPASS testMethodStatusCONF">
               <td width="100%" class="firstMethodCell">
                  <a onclick="toggleDetailsVisibility('com.qtpselenium.zoho.project.testcases.LeadTest_start_byClass_PASS1_details')">start()</a>
               </td>
               <td nowrap="true">22:01:27</td>
               <td nowrap="true" align="right">3 ms
                  
               </td>
               <td nowrap="true">
                   
                  
               </td>
            </tr>
            <tr>
               <td colspan="4" class="detailsBox">
                  <div id="com.qtpselenium.zoho.project.testcases.LeadTest_start_byClass_PASS1_details"
                       class="testMethodDetails">
                     <div>
                        <b>Name: </b>start
                     </div>
                     <div>
                        <b>Signature: </b>start()[pri:0, instance:com.qtpselenium.zoho.project.testcases.LeadTest@7ac7a4e4]
                     </div>
                     <div>
                        <b>Start time: </b>22:01:27
                     </div>
                     <div>
                        <b>End time: </b>22:01:27
                     </div>
                     <div>
                        <b>Duration: </b>3 ms
                        
                     </div>
                  </div>
               </td>
            </tr>
            <tr></tr>
            <tr id="com.qtpselenium.zoho.project.testcases.LeadTest_createLeadTest_byClass_PASS2_row"
                class="testMethodStatusPASS">
               <td width="100%" class="firstMethodCell">
                  <a onclick="toggleDetailsVisibility('com.qtpselenium.zoho.project.testcases.LeadTest_createLeadTest_byClass_PASS2_details')">createLeadTest({Username=its.thakur@gmail.com, ExpectedResult=Y, Password=pass@1234, Runmode=Y, Browser=Mozilla})</a>
               </td>
               <td nowrap="true">22:01:27</td>
               <td nowrap="true" align="right">59s
                  
               </td>
               <td nowrap="true">
                   
                  
               </td>
            </tr>
            <tr>
               <td colspan="4" class="detailsBox">
                  <div id="com.qtpselenium.zoho.project.testcases.LeadTest_createLeadTest_byClass_PASS2_details"
                       class="testMethodDetails">
                     <div>
                        <b>Name: </b>createLeadTest
                     </div>
                     <div>
                        <b>Signature: </b>createLeadTest(java.util.Hashtable)[pri:0, instance:com.qtpselenium.zoho.project.testcases.LeadTest@7ac7a4e4]
                     </div>
                     <div>
                        <b>Parameters: </b>
                        
                        {Username=its.thakur@gmail.com, ExpectedResult=Y, Password=pass@1234, Runmode=Y, Browser=Mozilla}
                        
                        
                     </div>
                     <div>
                        <b>Start time: </b>22:01:27
                     </div>
                     <div>
                        <b>End time: </b>22:02:26
                     </div>
                     <div>
                        <b>Duration: </b>59s
                        
                     </div>
                  </div>
               </td>
            </tr>
            <tr></tr>
            <tr id="com.qtpselenium.zoho.project.testcases.LeadTest_afterTest_byClass_PASS3_row"
                class="testMethodStatusPASS testMethodStatusCONF">
               <td width="100%" class="firstMethodCell">
                  <a onclick="toggleDetailsVisibility('com.qtpselenium.zoho.project.testcases.LeadTest_afterTest_byClass_PASS3_details')">afterTest()</a>
               </td>
               <td nowrap="true">22:02:26</td>
               <td nowrap="true" align="right">3s
                  
               </td>
               <td nowrap="true">
                   
                  
               </td>
            </tr>
            <tr>
               <td colspan="4" class="detailsBox">
                  <div id="com.qtpselenium.zoho.project.testcases.LeadTest_afterTest_byClass_PASS3_details"
                       class="testMethodDetails">
                     <div>
                        <b>Name: </b>afterTest
                     </div>
                     <div>
                        <b>Signature: </b>afterTest()[pri:0, instance:com.qtpselenium.zoho.project.testcases.LeadTest@7ac7a4e4]
                     </div>
                     <div>
                        <b>Start time: </b>22:02:26
                     </div>
                     <div>
                        <b>End time: </b>22:02:29
                     </div>
                     <div>
                        <b>Duration: </b>3s
                        
                     </div>
                  </div>
               </td>
            </tr>
            <tr></tr>
            <tr id="com.qtpselenium.zoho.project.testcases.LeadTest_createLeadTest_byClass_FAIL4_row"
                class="testMethodStatusFAIL">
               <td width="100%" class="firstMethodCell">
                  <a onclick="toggleDetailsVisibility('com.qtpselenium.zoho.project.testcases.LeadTest_createLeadTest_byClass_FAIL4_details')">createLeadTest({Username=its.thakur@gmail.com, ExpectedResult=Y, Password=xxxxx, Runmode=Y, Browser=Chrome})</a>
               </td>
               <td nowrap="true">22:02:29</td>
               <td nowrap="true" align="right">2s
                  
               </td>
               <td nowrap="true">
                  <a onclick="toggleDetailsVisibility('com.qtpselenium.zoho.project.testcases.LeadTest_createLeadTest_byClass_FAIL4_exception')">org.openqa.selenium.SessionNotCreatedException: 
                     session not created: Chrome version must be between 70 and 73
                     (Driver info: chromedriver=2.45.615291 (ec3682e3c9061c10f26ea9e5cdcf3c53f3f74387),platform=Windows NT 10.0.18362 x86_64) (WARNING:
                     The server did not provide any stacktrace information)
                     Command duration or timeout: 1.05 seconds
                     Build info: version: '3.141.59', revision: 'e82be7d358', time: '2018-11-14T08:25:53'
                     System info: host: 'DESKTOP-TKK5GPG', ip: '172.20.10.4', os.name: 'Windows 10', os.arch: 'amd64', os.version: '10.0', java.version:
                     '1.8.0_101'
                     Driver info: driver.version: ChromeDriver
                     
                  </a>
                   
                  
               </td>
            </tr>
            <tr>
               <td colspan="4" class="detailsBox">
                  <div id="com.qtpselenium.zoho.project.testcases.LeadTest_createLeadTest_byClass_FAIL4_details"
                       class="testMethodDetails">
                     <div>
                        <b>Name: </b>createLeadTest
                     </div>
                     <div>
                        <b>Signature: </b>createLeadTest(java.util.Hashtable)[pri:0, instance:com.qtpselenium.zoho.project.testcases.LeadTest@7ac7a4e4]
                     </div>
                     <div>
                        <b>Parameters: </b>
                        
                        {Username=its.thakur@gmail.com, ExpectedResult=Y, Password=xxxxx, Runmode=Y, Browser=Chrome}
                        
                        
                     </div>
                     <div>
                        <b>Start time: </b>22:02:29
                     </div>
                     <div>
                        <b>End time: </b>22:02:31
                     </div>
                     <div>
                        <b>Duration: </b>2s
                        
                     </div>
                  </div>
               </td>
            </tr>
            <tr>
               <td colspan="4" class="detailsBox">
                  <div id="com.qtpselenium.zoho.project.testcases.LeadTest_createLeadTest_byClass_FAIL4_exception"
                       class="testMethodDetails">
                     <pre style="padding: 5px; margin: 0;">org.openqa.selenium.SessionNotCreatedException: session not created: Chrome version must be between 70 and 73
                        (Driver info: chromedriver=2.45.615291 (ec3682e3c9061c10f26ea9e5cdcf3c53f3f74387),platform=Windows NT 10.0.18362 x86_64) (WARNING:
                        The server did not provide any stacktrace information)
                        Command duration or timeout: 1.05 seconds
                        Build info: version: '3.141.59', revision: 'e82be7d358', time: '2018-11-14T08:25:53'
                        System info: host: 'DESKTOP-TKK5GPG', ip: '172.20.10.4', os.name: 'Windows 10', os.arch: 'amd64', os.version: '10.0', java.version:
                        '1.8.0_101'
                        Driver info: driver.version: ChromeDriver
                        	at sun.reflect.NativeConstructorAccessorImpl.newInstance0(Native Method)
                        	at sun.reflect.NativeConstructorAccessorImpl.newInstance(NativeConstructorAccessorImpl.java:62)
                        	at sun.reflect.DelegatingConstructorAccessorImpl.newInstance(DelegatingConstructorAccessorImpl.java:45)
                        	at java.lang.reflect.Constructor.newInstance(Constructor.java:423)
                        	at org.openqa.selenium.remote.ErrorHandler.createThrowable(ErrorHandler.java:214)
                        	at org.openqa.selenium.remote.ErrorHandler.throwIfResponseFailed(ErrorHandler.java:166)
                        	at org.openqa.selenium.remote.JsonWireProtocolResponse.lambda$errorHandler$0(JsonWireProtocolResponse.java:54)
                        	at org.openqa.selenium.remote.HandshakeResponse.lambda$getResponseFunction$0(HandshakeResponse.java:30)
                        	at org.openqa.selenium.remote.ProtocolHandshake.lambda$createSession$0(ProtocolHandshake.java:126)
                        	at java.util.stream.ReferencePipeline$3$1.accept(ReferencePipeline.java:193)
                        	at java.util.Spliterators$ArraySpliterator.tryAdvance(Spliterators.java:958)
                        	at java.util.stream.ReferencePipeline.forEachWithCancel(ReferencePipeline.java:126)
                        	at java.util.stream.AbstractPipeline.copyIntoWithCancel(AbstractPipeline.java:498)
                        	at java.util.stream.AbstractPipeline.copyInto(AbstractPipeline.java:485)
                        	at java.util.stream.AbstractPipeline.wrapAndCopyInto(AbstractPipeline.java:471)
                        	at java.util.stream.FindOps$FindOp.evaluateSequential(FindOps.java:152)
                        	at java.util.stream.AbstractPipeline.evaluate(AbstractPipeline.java:234)
                        	at java.util.stream.ReferencePipeline.findFirst(ReferencePipeline.java:464)
                        	at org.openqa.selenium.remote.ProtocolHandshake.createSession(ProtocolHandshake.java:128)
                        	at org.openqa.selenium.remote.ProtocolHandshake.createSession(ProtocolHandshake.java:74)
                        	at org.openqa.selenium.remote.HttpCommandExecutor.execute(HttpCommandExecutor.java:136)
                        	at org.openqa.selenium.remote.service.DriverCommandExecutor.execute(DriverCommandExecutor.java:83)
                        	at org.openqa.selenium.remote.RemoteWebDriver.execute(RemoteWebDriver.java:552)
                        	at org.openqa.selenium.remote.RemoteWebDriver.startSession(RemoteWebDriver.java:213)
                        	at org.openqa.selenium.remote.RemoteWebDriver.&lt;init&gt;(RemoteWebDriver.java:131)
                        	at org.openqa.selenium.chrome.ChromeDriver.&lt;init&gt;(ChromeDriver.java:181)
                        	at org.openqa.selenium.chrome.ChromeDriver.&lt;init&gt;(ChromeDriver.java:168)
                        	at org.openqa.selenium.chrome.ChromeDriver.&lt;init&gt;(ChromeDriver.java:123)
                        	at com.qtpselenium.zoho.project.base.BaseTest.openBrowser(BaseTest.java:83)
                        	at com.qtpselenium.zoho.project.testcases.LeadTest.createLeadTest(LeadTest.java:34)
                        	at sun.reflect.NativeMethodAccessorImpl.invoke0(Native Method)
                        	at sun.reflect.NativeMethodAccessorImpl.invoke(NativeMethodAccessorImpl.java:62)
                        	at sun.reflect.DelegatingMethodAccessorImpl.invoke(DelegatingMethodAccessorImpl.java:43)
                        	at java.lang.reflect.Method.invoke(Method.java:498)
                        	at org.testng.internal.MethodInvocationHelper.invokeMethod(MethodInvocationHelper.java:84)
                        	at org.testng.internal.Invoker.invokeMethod(Invoker.java:714)
                        	at org.testng.internal.Invoker.invokeTestMethod(Invoker.java:901)
                        	at org.testng.internal.Invoker.invokeTestMethods(Invoker.java:1231)
                        	at org.testng.internal.TestMethodWorker.invokeTestMethods(TestMethodWorker.java:127)
                        	at org.testng.internal.TestMethodWorker.run(TestMethodWorker.java:111)
                        	at org.testng.TestRunner.privateRun(TestRunner.java:767)
                        	at org.testng.TestRunner.run(TestRunner.java:617)
                        	at org.testng.SuiteRunner.runTest(SuiteRunner.java:334)
                        	at org.testng.SuiteRunner.runSequentially(SuiteRunner.java:329)
                        	at org.testng.SuiteRunner.privateRun(SuiteRunner.java:291)
                        	at org.testng.SuiteRunner.run(SuiteRunner.java:240)
                        	at org.testng.SuiteRunnerWorker.runSuite(SuiteRunnerWorker.java:52)
                        	at org.testng.SuiteRunnerWorker.run(SuiteRunnerWorker.java:86)
                        	at org.testng.TestNG.runSuitesSequentially(TestNG.java:1224)
                        	at org.testng.TestNG.runSuitesLocally(TestNG.java:1149)
                        	at org.testng.TestNG.run(TestNG.java:1057)
                        	at org.testng.TestNG.privateMain(TestNG.java:1364)
                        	at org.testng.TestNG.main(TestNG.java:1333)
                     </pre>
                  </div>
               </td>
            </tr>
            <tr id="com.qtpselenium.zoho.project.testcases.LeadTest_start_byClass_PASS5_row"
                class="testMethodStatusPASS testMethodStatusCONF">
               <td width="100%" class="firstMethodCell">
                  <a onclick="toggleDetailsVisibility('com.qtpselenium.zoho.project.testcases.LeadTest_start_byClass_PASS5_details')">start()</a>
               </td>
               <td nowrap="true">22:02:29</td>
               <td nowrap="true" align="right">0 ms
                  
               </td>
               <td nowrap="true">
                   
                  
               </td>
            </tr>
            <tr>
               <td colspan="4" class="detailsBox">
                  <div id="com.qtpselenium.zoho.project.testcases.LeadTest_start_byClass_PASS5_details"
                       class="testMethodDetails">
                     <div>
                        <b>Name: </b>start
                     </div>
                     <div>
                        <b>Signature: </b>start()[pri:0, instance:com.qtpselenium.zoho.project.testcases.LeadTest@7ac7a4e4]
                     </div>
                     <div>
                        <b>Start time: </b>22:02:29
                     </div>
                     <div>
                        <b>End time: </b>22:02:29
                     </div>
                     <div>
                        <b>Duration: </b>0 ms
                        
                     </div>
                  </div>
               </td>
            </tr>
            <tr></tr>
            <tr id="com.qtpselenium.zoho.project.testcases.LeadTest_afterTest_byClass_PASS6_row"
                class="testMethodStatusPASS testMethodStatusCONF">
               <td width="100%" class="firstMethodCell">
                  <a onclick="toggleDetailsVisibility('com.qtpselenium.zoho.project.testcases.LeadTest_afterTest_byClass_PASS6_details')">afterTest()</a>
               </td>
               <td nowrap="true">22:02:31</td>
               <td nowrap="true" align="right">88 ms
                  
               </td>
               <td nowrap="true">
                   
                  
               </td>
            </tr>
            <tr>
               <td colspan="4" class="detailsBox">
                  <div id="com.qtpselenium.zoho.project.testcases.LeadTest_afterTest_byClass_PASS6_details"
                       class="testMethodDetails">
                     <div>
                        <b>Name: </b>afterTest
                     </div>
                     <div>
                        <b>Signature: </b>afterTest()[pri:0, instance:com.qtpselenium.zoho.project.testcases.LeadTest@7ac7a4e4]
                     </div>
                     <div>
                        <b>Start time: </b>22:02:31
                     </div>
                     <div>
                        <b>End time: </b>22:02:31
                     </div>
                     <div>
                        <b>Duration: </b>88 ms
                        
                     </div>
                  </div>
               </td>
            </tr>
            <tr></tr>
            <tr id="com.qtpselenium.zoho.project.testcases.LeadTest_convertLeadTest_byClass_PASS7_row"
                class="testMethodStatusPASS">
               <td width="100%" class="firstMethodCell">
                  <a onclick="toggleDetailsVisibility('com.qtpselenium.zoho.project.testcases.LeadTest_convertLeadTest_byClass_PASS7_details')">convertLeadTest({LeadLastName=Wilson, Runmode=N, LeadCompany=Samsung, Browser=Mozilla})</a>
               </td>
               <td nowrap="true">22:02:31</td>
               <td nowrap="true" align="right">51s
                  
               </td>
               <td nowrap="true">
                   
                  
               </td>
            </tr>
            <tr>
               <td colspan="4" class="detailsBox">
                  <div id="com.qtpselenium.zoho.project.testcases.LeadTest_convertLeadTest_byClass_PASS7_details"
                       class="testMethodDetails">
                     <div>
                        <b>Name: </b>convertLeadTest
                     </div>
                     <div>
                        <b>Signature: </b>convertLeadTest(java.util.Hashtable)[pri:0, instance:com.qtpselenium.zoho.project.testcases.LeadTest@7ac7a4e4]
                     </div>
                     <div>
                        <b>Parameters: </b>
                        
                        {LeadLastName=Wilson, Runmode=N, LeadCompany=Samsung, Browser=Mozilla}
                        
                        
                     </div>
                     <div>
                        <b>Start time: </b>22:02:31
                     </div>
                     <div>
                        <b>End time: </b>22:03:22
                     </div>
                     <div>
                        <b>Duration: </b>51s
                        
                     </div>
                  </div>
               </td>
            </tr>
            <tr></tr>
            <tr id="com.qtpselenium.zoho.project.testcases.LeadTest_start_byClass_PASS8_row"
                class="testMethodStatusPASS testMethodStatusCONF">
               <td width="100%" class="firstMethodCell">
                  <a onclick="toggleDetailsVisibility('com.qtpselenium.zoho.project.testcases.LeadTest_start_byClass_PASS8_details')">start()</a>
               </td>
               <td nowrap="true">22:02:31</td>
               <td nowrap="true" align="right">0 ms
                  
               </td>
               <td nowrap="true">
                   
                  
               </td>
            </tr>
            <tr>
               <td colspan="4" class="detailsBox">
                  <div id="com.qtpselenium.zoho.project.testcases.LeadTest_start_byClass_PASS8_details"
                       class="testMethodDetails">
                     <div>
                        <b>Name: </b>start
                     </div>
                     <div>
                        <b>Signature: </b>start()[pri:0, instance:com.qtpselenium.zoho.project.testcases.LeadTest@7ac7a4e4]
                     </div>
                     <div>
                        <b>Start time: </b>22:02:31
                     </div>
                     <div>
                        <b>End time: </b>22:02:31
                     </div>
                     <div>
                        <b>Duration: </b>0 ms
                        
                     </div>
                  </div>
               </td>
            </tr>
            <tr></tr>
            <tr id="com.qtpselenium.zoho.project.testcases.LeadTest_afterTest_byClass_PASS9_row"
                class="testMethodStatusPASS testMethodStatusCONF">
               <td width="100%" class="firstMethodCell">
                  <a onclick="toggleDetailsVisibility('com.qtpselenium.zoho.project.testcases.LeadTest_afterTest_byClass_PASS9_details')">afterTest()</a>
               </td>
               <td nowrap="true">22:03:22</td>
               <td nowrap="true" align="right">3s
                  
               </td>
               <td nowrap="true">
                   
                  
               </td>
            </tr>
            <tr>
               <td colspan="4" class="detailsBox">
                  <div id="com.qtpselenium.zoho.project.testcases.LeadTest_afterTest_byClass_PASS9_details"
                       class="testMethodDetails">
                     <div>
                        <b>Name: </b>afterTest
                     </div>
                     <div>
                        <b>Signature: </b>afterTest()[pri:0, instance:com.qtpselenium.zoho.project.testcases.LeadTest@7ac7a4e4]
                     </div>
                     <div>
                        <b>Start time: </b>22:03:22
                     </div>
                     <div>
                        <b>End time: </b>22:03:25
                     </div>
                     <div>
                        <b>Duration: </b>3s
                        
                     </div>
                  </div>
               </td>
            </tr>
            <tr></tr>
            <tr id="com.qtpselenium.zoho.project.testcases.LeadTest_start_byClass_PASS10_row"
                class="testMethodStatusPASS testMethodStatusCONF">
               <td width="100%" class="firstMethodCell">
                  <a onclick="toggleDetailsVisibility('com.qtpselenium.zoho.project.testcases.LeadTest_start_byClass_PASS10_details')">start()</a>
               </td>
               <td nowrap="true">22:03:25</td>
               <td nowrap="true" align="right">0 ms
                  
               </td>
               <td nowrap="true">
                   
                  
               </td>
            </tr>
            <tr>
               <td colspan="4" class="detailsBox">
                  <div id="com.qtpselenium.zoho.project.testcases.LeadTest_start_byClass_PASS10_details"
                       class="testMethodDetails">
                     <div>
                        <b>Name: </b>start
                     </div>
                     <div>
                        <b>Signature: </b>start()[pri:0, instance:com.qtpselenium.zoho.project.testcases.LeadTest@7ac7a4e4]
                     </div>
                     <div>
                        <b>Start time: </b>22:03:25
                     </div>
                     <div>
                        <b>End time: </b>22:03:25
                     </div>
                     <div>
                        <b>Duration: </b>0 ms
                        
                     </div>
                  </div>
               </td>
            </tr>
            <tr></tr>
            <tr id="com.qtpselenium.zoho.project.testcases.LeadTest_convertLeadTest_byClass_FAIL11_row"
                class="testMethodStatusFAIL">
               <td width="100%" class="firstMethodCell">
                  <a onclick="toggleDetailsVisibility('com.qtpselenium.zoho.project.testcases.LeadTest_convertLeadTest_byClass_FAIL11_details')">convertLeadTest({LeadLastName=Sam, Runmode=N, LeadCompany=Sony, Browser=Chrome})</a>
               </td>
               <td nowrap="true">22:03:25</td>
               <td nowrap="true" align="right">2s
                  
               </td>
               <td nowrap="true">
                  <a onclick="toggleDetailsVisibility('com.qtpselenium.zoho.project.testcases.LeadTest_convertLeadTest_byClass_FAIL11_exception')">org.openqa.selenium.SessionNotCreatedException: 
                     session not created: Chrome version must be between 70 and 73
                     (Driver info: chromedriver=2.45.615291 (ec3682e3c9061c10f26ea9e5cdcf3c53f3f74387),platform=Windows NT 10.0.18362 x86_64) (WARNING:
                     The server did not provide any stacktrace information)
                     Command duration or timeout: 1.13 seconds
                     Build info: version: '3.141.59', revision: 'e82be7d358', time: '2018-11-14T08:25:53'
                     System info: host: 'DESKTOP-TKK5GPG', ip: '172.20.10.4', os.name: 'Windows 10', os.arch: 'amd64', os.version: '10.0', java.version:
                     '1.8.0_101'
                     Driver info: driver.version: ChromeDriver
                     
                  </a>
                   
                  
               </td>
            </tr>
            <tr>
               <td colspan="4" class="detailsBox">
                  <div id="com.qtpselenium.zoho.project.testcases.LeadTest_convertLeadTest_byClass_FAIL11_details"
                       class="testMethodDetails">
                     <div>
                        <b>Name: </b>convertLeadTest
                     </div>
                     <div>
                        <b>Signature: </b>convertLeadTest(java.util.Hashtable)[pri:0, instance:com.qtpselenium.zoho.project.testcases.LeadTest@7ac7a4e4]
                     </div>
                     <div>
                        <b>Parameters: </b>
                        
                        {LeadLastName=Sam, Runmode=N, LeadCompany=Sony, Browser=Chrome}
                        
                        
                     </div>
                     <div>
                        <b>Start time: </b>22:03:25
                     </div>
                     <div>
                        <b>End time: </b>22:03:27
                     </div>
                     <div>
                        <b>Duration: </b>2s
                        
                     </div>
                  </div>
               </td>
            </tr>
            <tr>
               <td colspan="4" class="detailsBox">
                  <div id="com.qtpselenium.zoho.project.testcases.LeadTest_convertLeadTest_byClass_FAIL11_exception"
                       class="testMethodDetails">
                     <pre style="padding: 5px; margin: 0;">org.openqa.selenium.SessionNotCreatedException: session not created: Chrome version must be between 70 and 73
                        (Driver info: chromedriver=2.45.615291 (ec3682e3c9061c10f26ea9e5cdcf3c53f3f74387),platform=Windows NT 10.0.18362 x86_64) (WARNING:
                        The server did not provide any stacktrace information)
                        Command duration or timeout: 1.13 seconds
                        Build info: version: '3.141.59', revision: 'e82be7d358', time: '2018-11-14T08:25:53'
                        System info: host: 'DESKTOP-TKK5GPG', ip: '172.20.10.4', os.name: 'Windows 10', os.arch: 'amd64', os.version: '10.0', java.version:
                        '1.8.0_101'
                        Driver info: driver.version: ChromeDriver
                        	at sun.reflect.NativeConstructorAccessorImpl.newInstance0(Native Method)
                        	at sun.reflect.NativeConstructorAccessorImpl.newInstance(NativeConstructorAccessorImpl.java:62)
                        	at sun.reflect.DelegatingConstructorAccessorImpl.newInstance(DelegatingConstructorAccessorImpl.java:45)
                        	at java.lang.reflect.Constructor.newInstance(Constructor.java:423)
                        	at org.openqa.selenium.remote.ErrorHandler.createThrowable(ErrorHandler.java:214)
                        	at org.openqa.selenium.remote.ErrorHandler.throwIfResponseFailed(ErrorHandler.java:166)
                        	at org.openqa.selenium.remote.JsonWireProtocolResponse.lambda$errorHandler$0(JsonWireProtocolResponse.java:54)
                        	at org.openqa.selenium.remote.HandshakeResponse.lambda$getResponseFunction$0(HandshakeResponse.java:30)
                        	at org.openqa.selenium.remote.ProtocolHandshake.lambda$createSession$0(ProtocolHandshake.java:126)
                        	at java.util.stream.ReferencePipeline$3$1.accept(ReferencePipeline.java:193)
                        	at java.util.Spliterators$ArraySpliterator.tryAdvance(Spliterators.java:958)
                        	at java.util.stream.ReferencePipeline.forEachWithCancel(ReferencePipeline.java:126)
                        	at java.util.stream.AbstractPipeline.copyIntoWithCancel(AbstractPipeline.java:498)
                        	at java.util.stream.AbstractPipeline.copyInto(AbstractPipeline.java:485)
                        	at java.util.stream.AbstractPipeline.wrapAndCopyInto(AbstractPipeline.java:471)
                        	at java.util.stream.FindOps$FindOp.evaluateSequential(FindOps.java:152)
                        	at java.util.stream.AbstractPipeline.evaluate(AbstractPipeline.java:234)
                        	at java.util.stream.ReferencePipeline.findFirst(ReferencePipeline.java:464)
                        	at org.openqa.selenium.remote.ProtocolHandshake.createSession(ProtocolHandshake.java:128)
                        	at org.openqa.selenium.remote.ProtocolHandshake.createSession(ProtocolHandshake.java:74)
                        	at org.openqa.selenium.remote.HttpCommandExecutor.execute(HttpCommandExecutor.java:136)
                        	at org.openqa.selenium.remote.service.DriverCommandExecutor.execute(DriverCommandExecutor.java:83)
                        	at org.openqa.selenium.remote.RemoteWebDriver.execute(RemoteWebDriver.java:552)
                        	at org.openqa.selenium.remote.RemoteWebDriver.startSession(RemoteWebDriver.java:213)
                        	at org.openqa.selenium.remote.RemoteWebDriver.&lt;init&gt;(RemoteWebDriver.java:131)
                        	at org.openqa.selenium.chrome.ChromeDriver.&lt;init&gt;(ChromeDriver.java:181)
                        	at org.openqa.selenium.chrome.ChromeDriver.&lt;init&gt;(ChromeDriver.java:168)
                        	at org.openqa.selenium.chrome.ChromeDriver.&lt;init&gt;(ChromeDriver.java:123)
                        	at com.qtpselenium.zoho.project.base.BaseTest.openBrowser(BaseTest.java:83)
                        	at com.qtpselenium.zoho.project.testcases.LeadTest.convertLeadTest(LeadTest.java:98)
                        	at sun.reflect.NativeMethodAccessorImpl.invoke0(Native Method)
                        	at sun.reflect.NativeMethodAccessorImpl.invoke(NativeMethodAccessorImpl.java:62)
                        	at sun.reflect.DelegatingMethodAccessorImpl.invoke(DelegatingMethodAccessorImpl.java:43)
                        	at java.lang.reflect.Method.invoke(Method.java:498)
                        	at org.testng.internal.MethodInvocationHelper.invokeMethod(MethodInvocationHelper.java:84)
                        	at org.testng.internal.Invoker.invokeMethod(Invoker.java:714)
                        	at org.testng.internal.Invoker.invokeTestMethod(Invoker.java:901)
                        	at org.testng.internal.Invoker.invokeTestMethods(Invoker.java:1231)
                        	at org.testng.internal.TestMethodWorker.invokeTestMethods(TestMethodWorker.java:127)
                        	at org.testng.internal.TestMethodWorker.run(TestMethodWorker.java:111)
                        	at org.testng.TestRunner.privateRun(TestRunner.java:767)
                        	at org.testng.TestRunner.run(TestRunner.java:617)
                        	at org.testng.SuiteRunner.runTest(SuiteRunner.java:334)
                        	at org.testng.SuiteRunner.runSequentially(SuiteRunner.java:329)
                        	at org.testng.SuiteRunner.privateRun(SuiteRunner.java:291)
                        	at org.testng.SuiteRunner.run(SuiteRunner.java:240)
                        	at org.testng.SuiteRunnerWorker.runSuite(SuiteRunnerWorker.java:52)
                        	at org.testng.SuiteRunnerWorker.run(SuiteRunnerWorker.java:86)
                        	at org.testng.TestNG.runSuitesSequentially(TestNG.java:1224)
                        	at org.testng.TestNG.runSuitesLocally(TestNG.java:1149)
                        	at org.testng.TestNG.run(TestNG.java:1057)
                        	at org.testng.TestNG.privateMain(TestNG.java:1364)
                        	at org.testng.TestNG.main(TestNG.java:1333)
                     </pre>
                  </div>
               </td>
            </tr>
            <tr id="com.qtpselenium.zoho.project.testcases.LeadTest_afterTest_byClass_PASS12_row"
                class="testMethodStatusPASS testMethodStatusCONF">
               <td width="100%" class="firstMethodCell">
                  <a onclick="toggleDetailsVisibility('com.qtpselenium.zoho.project.testcases.LeadTest_afterTest_byClass_PASS12_details')">afterTest()</a>
               </td>
               <td nowrap="true">22:03:27</td>
               <td nowrap="true" align="right">54 ms
                  
               </td>
               <td nowrap="true">
                   
                  
               </td>
            </tr>
            <tr>
               <td colspan="4" class="detailsBox">
                  <div id="com.qtpselenium.zoho.project.testcases.LeadTest_afterTest_byClass_PASS12_details"
                       class="testMethodDetails">
                     <div>
                        <b>Name: </b>afterTest
                     </div>
                     <div>
                        <b>Signature: </b>afterTest()[pri:0, instance:com.qtpselenium.zoho.project.testcases.LeadTest@7ac7a4e4]
                     </div>
                     <div>
                        <b>Start time: </b>22:03:27
                     </div>
                     <div>
                        <b>End time: </b>22:03:27
                     </div>
                     <div>
                        <b>Duration: </b>54 ms
                        
                     </div>
                  </div>
               </td>
            </tr>
            <tr></tr>
            <tr id="com.qtpselenium.zoho.project.testcases.LeadTest_convertLeadTest_byClass_FAIL13_row"
                class="testMethodStatusFAIL">
               <td width="100%" class="firstMethodCell">
                  <a onclick="toggleDetailsVisibility('com.qtpselenium.zoho.project.testcases.LeadTest_convertLeadTest_byClass_FAIL13_details')">convertLeadTest({LeadLastName=Watson, Runmode=N, LeadCompany=HP, Browser=Chrome})</a>
               </td>
               <td nowrap="true">22:03:27</td>
               <td nowrap="true" align="right">2s
                  
               </td>
               <td nowrap="true">
                  <a onclick="toggleDetailsVisibility('com.qtpselenium.zoho.project.testcases.LeadTest_convertLeadTest_byClass_FAIL13_exception')">org.openqa.selenium.SessionNotCreatedException: 
                     session not created: Chrome version must be between 70 and 73
                     (Driver info: chromedriver=2.45.615291 (ec3682e3c9061c10f26ea9e5cdcf3c53f3f74387),platform=Windows NT 10.0.18362 x86_64) (WARNING:
                     The server did not provide any stacktrace information)
                     Command duration or timeout: 1.08 seconds
                     Build info: version: '3.141.59', revision: 'e82be7d358', time: '2018-11-14T08:25:53'
                     System info: host: 'DESKTOP-TKK5GPG', ip: '172.20.10.4', os.name: 'Windows 10', os.arch: 'amd64', os.version: '10.0', java.version:
                     '1.8.0_101'
                     Driver info: driver.version: ChromeDriver
                     
                  </a>
                   
                  
               </td>
            </tr>
            <tr>
               <td colspan="4" class="detailsBox">
                  <div id="com.qtpselenium.zoho.project.testcases.LeadTest_convertLeadTest_byClass_FAIL13_details"
                       class="testMethodDetails">
                     <div>
                        <b>Name: </b>convertLeadTest
                     </div>
                     <div>
                        <b>Signature: </b>convertLeadTest(java.util.Hashtable)[pri:0, instance:com.qtpselenium.zoho.project.testcases.LeadTest@7ac7a4e4]
                     </div>
                     <div>
                        <b>Parameters: </b>
                        
                        {LeadLastName=Watson, Runmode=N, LeadCompany=HP, Browser=Chrome}
                        
                        
                     </div>
                     <div>
                        <b>Start time: </b>22:03:27
                     </div>
                     <div>
                        <b>End time: </b>22:03:29
                     </div>
                     <div>
                        <b>Duration: </b>2s
                        
                     </div>
                  </div>
               </td>
            </tr>
            <tr>
               <td colspan="4" class="detailsBox">
                  <div id="com.qtpselenium.zoho.project.testcases.LeadTest_convertLeadTest_byClass_FAIL13_exception"
                       class="testMethodDetails">
                     <pre style="padding: 5px; margin: 0;">org.openqa.selenium.SessionNotCreatedException: session not created: Chrome version must be between 70 and 73
                        (Driver info: chromedriver=2.45.615291 (ec3682e3c9061c10f26ea9e5cdcf3c53f3f74387),platform=Windows NT 10.0.18362 x86_64) (WARNING:
                        The server did not provide any stacktrace information)
                        Command duration or timeout: 1.08 seconds
                        Build info: version: '3.141.59', revision: 'e82be7d358', time: '2018-11-14T08:25:53'
                        System info: host: 'DESKTOP-TKK5GPG', ip: '172.20.10.4', os.name: 'Windows 10', os.arch: 'amd64', os.version: '10.0', java.version:
                        '1.8.0_101'
                        Driver info: driver.version: ChromeDriver
                        	at sun.reflect.NativeConstructorAccessorImpl.newInstance0(Native Method)
                        	at sun.reflect.NativeConstructorAccessorImpl.newInstance(NativeConstructorAccessorImpl.java:62)
                        	at sun.reflect.DelegatingConstructorAccessorImpl.newInstance(DelegatingConstructorAccessorImpl.java:45)
                        	at java.lang.reflect.Constructor.newInstance(Constructor.java:423)
                        	at org.openqa.selenium.remote.ErrorHandler.createThrowable(ErrorHandler.java:214)
                        	at org.openqa.selenium.remote.ErrorHandler.throwIfResponseFailed(ErrorHandler.java:166)
                        	at org.openqa.selenium.remote.JsonWireProtocolResponse.lambda$errorHandler$0(JsonWireProtocolResponse.java:54)
                        	at org.openqa.selenium.remote.HandshakeResponse.lambda$getResponseFunction$0(HandshakeResponse.java:30)
                        	at org.openqa.selenium.remote.ProtocolHandshake.lambda$createSession$0(ProtocolHandshake.java:126)
                        	at java.util.stream.ReferencePipeline$3$1.accept(ReferencePipeline.java:193)
                        	at java.util.Spliterators$ArraySpliterator.tryAdvance(Spliterators.java:958)
                        	at java.util.stream.ReferencePipeline.forEachWithCancel(ReferencePipeline.java:126)
                        	at java.util.stream.AbstractPipeline.copyIntoWithCancel(AbstractPipeline.java:498)
                        	at java.util.stream.AbstractPipeline.copyInto(AbstractPipeline.java:485)
                        	at java.util.stream.AbstractPipeline.wrapAndCopyInto(AbstractPipeline.java:471)
                        	at java.util.stream.FindOps$FindOp.evaluateSequential(FindOps.java:152)
                        	at java.util.stream.AbstractPipeline.evaluate(AbstractPipeline.java:234)
                        	at java.util.stream.ReferencePipeline.findFirst(ReferencePipeline.java:464)
                        	at org.openqa.selenium.remote.ProtocolHandshake.createSession(ProtocolHandshake.java:128)
                        	at org.openqa.selenium.remote.ProtocolHandshake.createSession(ProtocolHandshake.java:74)
                        	at org.openqa.selenium.remote.HttpCommandExecutor.execute(HttpCommandExecutor.java:136)
                        	at org.openqa.selenium.remote.service.DriverCommandExecutor.execute(DriverCommandExecutor.java:83)
                        	at org.openqa.selenium.remote.RemoteWebDriver.execute(RemoteWebDriver.java:552)
                        	at org.openqa.selenium.remote.RemoteWebDriver.startSession(RemoteWebDriver.java:213)
                        	at org.openqa.selenium.remote.RemoteWebDriver.&lt;init&gt;(RemoteWebDriver.java:131)
                        	at org.openqa.selenium.chrome.ChromeDriver.&lt;init&gt;(ChromeDriver.java:181)
                        	at org.openqa.selenium.chrome.ChromeDriver.&lt;init&gt;(ChromeDriver.java:168)
                        	at org.openqa.selenium.chrome.ChromeDriver.&lt;init&gt;(ChromeDriver.java:123)
                        	at com.qtpselenium.zoho.project.base.BaseTest.openBrowser(BaseTest.java:83)
                        	at com.qtpselenium.zoho.project.testcases.LeadTest.convertLeadTest(LeadTest.java:98)
                        	at sun.reflect.NativeMethodAccessorImpl.invoke0(Native Method)
                        	at sun.reflect.NativeMethodAccessorImpl.invoke(NativeMethodAccessorImpl.java:62)
                        	at sun.reflect.DelegatingMethodAccessorImpl.invoke(DelegatingMethodAccessorImpl.java:43)
                        	at java.lang.reflect.Method.invoke(Method.java:498)
                        	at org.testng.internal.MethodInvocationHelper.invokeMethod(MethodInvocationHelper.java:84)
                        	at org.testng.internal.Invoker.invokeMethod(Invoker.java:714)
                        	at org.testng.internal.Invoker.invokeTestMethod(Invoker.java:901)
                        	at org.testng.internal.Invoker.invokeTestMethods(Invoker.java:1231)
                        	at org.testng.internal.TestMethodWorker.invokeTestMethods(TestMethodWorker.java:127)
                        	at org.testng.internal.TestMethodWorker.run(TestMethodWorker.java:111)
                        	at org.testng.TestRunner.privateRun(TestRunner.java:767)
                        	at org.testng.TestRunner.run(TestRunner.java:617)
                        	at org.testng.SuiteRunner.runTest(SuiteRunner.java:334)
                        	at org.testng.SuiteRunner.runSequentially(SuiteRunner.java:329)
                        	at org.testng.SuiteRunner.privateRun(SuiteRunner.java:291)
                        	at org.testng.SuiteRunner.run(SuiteRunner.java:240)
                        	at org.testng.SuiteRunnerWorker.runSuite(SuiteRunnerWorker.java:52)
                        	at org.testng.SuiteRunnerWorker.run(SuiteRunnerWorker.java:86)
                        	at org.testng.TestNG.runSuitesSequentially(TestNG.java:1224)
                        	at org.testng.TestNG.runSuitesLocally(TestNG.java:1149)
                        	at org.testng.TestNG.run(TestNG.java:1057)
                        	at org.testng.TestNG.privateMain(TestNG.java:1364)
                        	at org.testng.TestNG.main(TestNG.java:1333)
                     </pre>
                  </div>
               </td>
            </tr>
            <tr id="com.qtpselenium.zoho.project.testcases.LeadTest_start_byClass_PASS14_row"
                class="testMethodStatusPASS testMethodStatusCONF">
               <td width="100%" class="firstMethodCell">
                  <a onclick="toggleDetailsVisibility('com.qtpselenium.zoho.project.testcases.LeadTest_start_byClass_PASS14_details')">start()</a>
               </td>
               <td nowrap="true">22:03:27</td>
               <td nowrap="true" align="right">0 ms
                  
               </td>
               <td nowrap="true">
                   
                  
               </td>
            </tr>
            <tr>
               <td colspan="4" class="detailsBox">
                  <div id="com.qtpselenium.zoho.project.testcases.LeadTest_start_byClass_PASS14_details"
                       class="testMethodDetails">
                     <div>
                        <b>Name: </b>start
                     </div>
                     <div>
                        <b>Signature: </b>start()[pri:0, instance:com.qtpselenium.zoho.project.testcases.LeadTest@7ac7a4e4]
                     </div>
                     <div>
                        <b>Start time: </b>22:03:27
                     </div>
                     <div>
                        <b>End time: </b>22:03:27
                     </div>
                     <div>
                        <b>Duration: </b>0 ms
                        
                     </div>
                  </div>
               </td>
            </tr>
            <tr></tr>
            <tr id="com.qtpselenium.zoho.project.testcases.LeadTest_afterTest_byClass_PASS15_row"
                class="testMethodStatusPASS testMethodStatusCONF">
               <td width="100%" class="firstMethodCell">
                  <a onclick="toggleDetailsVisibility('com.qtpselenium.zoho.project.testcases.LeadTest_afterTest_byClass_PASS15_details')">afterTest()</a>
               </td>
               <td nowrap="true">22:03:29</td>
               <td nowrap="true" align="right">82 ms
                  
               </td>
               <td nowrap="true">
                   
                  
               </td>
            </tr>
            <tr>
               <td colspan="4" class="detailsBox">
                  <div id="com.qtpselenium.zoho.project.testcases.LeadTest_afterTest_byClass_PASS15_details"
                       class="testMethodDetails">
                     <div>
                        <b>Name: </b>afterTest
                     </div>
                     <div>
                        <b>Signature: </b>afterTest()[pri:0, instance:com.qtpselenium.zoho.project.testcases.LeadTest@7ac7a4e4]
                     </div>
                     <div>
                        <b>Start time: </b>22:03:29
                     </div>
                     <div>
                        <b>End time: </b>22:03:29
                     </div>
                     <div>
                        <b>Duration: </b>82 ms
                        
                     </div>
                  </div>
               </td>
            </tr>
            <tr></tr>
            <tr id="com.qtpselenium.zoho.project.testcases.LeadTest_start_byClass_PASS16_row"
                class="testMethodStatusPASS testMethodStatusCONF">
               <td width="100%" class="firstMethodCell">
                  <a onclick="toggleDetailsVisibility('com.qtpselenium.zoho.project.testcases.LeadTest_start_byClass_PASS16_details')">start()</a>
               </td>
               <td nowrap="true">22:03:29</td>
               <td nowrap="true" align="right">0 ms
                  
               </td>
               <td nowrap="true">
                   
                  
               </td>
            </tr>
            <tr>
               <td colspan="4" class="detailsBox">
                  <div id="com.qtpselenium.zoho.project.testcases.LeadTest_start_byClass_PASS16_details"
                       class="testMethodDetails">
                     <div>
                        <b>Name: </b>start
                     </div>
                     <div>
                        <b>Signature: </b>start()[pri:0, instance:com.qtpselenium.zoho.project.testcases.LeadTest@7ac7a4e4]
                     </div>
                     <div>
                        <b>Start time: </b>22:03:29
                     </div>
                     <div>
                        <b>End time: </b>22:03:29
                     </div>
                     <div>
                        <b>Duration: </b>0 ms
                        
                     </div>
                  </div>
               </td>
            </tr>
            <tr></tr>
            <tr id="com.qtpselenium.zoho.project.testcases.LeadTest_convertLeadTest_byClass_FAIL17_row"
                class="testMethodStatusFAIL">
               <td width="100%" class="firstMethodCell">
                  <a onclick="toggleDetailsVisibility('com.qtpselenium.zoho.project.testcases.LeadTest_convertLeadTest_byClass_FAIL17_details')">convertLeadTest({LeadLastName=Sharma, Runmode=N, LeadCompany=Lenovo, Browser=Chrome})</a>
               </td>
               <td nowrap="true">22:03:29</td>
               <td nowrap="true" align="right">3s
                  
               </td>
               <td nowrap="true">
                  <a onclick="toggleDetailsVisibility('com.qtpselenium.zoho.project.testcases.LeadTest_convertLeadTest_byClass_FAIL17_exception')">org.openqa.selenium.SessionNotCreatedException: 
                     session not created: Chrome version must be between 70 and 73
                     (Driver info: chromedriver=2.45.615291 (ec3682e3c9061c10f26ea9e5cdcf3c53f3f74387),platform=Windows NT 10.0.18362 x86_64) (WARNING:
                     The server did not provide any stacktrace information)
                     Command duration or timeout: 1.98 seconds
                     Build info: version: '3.141.59', revision: 'e82be7d358', time: '2018-11-14T08:25:53'
                     System info: host: 'DESKTOP-TKK5GPG', ip: '172.20.10.4', os.name: 'Windows 10', os.arch: 'amd64', os.version: '10.0', java.version:
                     '1.8.0_101'
                     Driver info: driver.version: ChromeDriver
                     
                  </a>
                   
                  
               </td>
            </tr>
            <tr>
               <td colspan="4" class="detailsBox">
                  <div id="com.qtpselenium.zoho.project.testcases.LeadTest_convertLeadTest_byClass_FAIL17_details"
                       class="testMethodDetails">
                     <div>
                        <b>Name: </b>convertLeadTest
                     </div>
                     <div>
                        <b>Signature: </b>convertLeadTest(java.util.Hashtable)[pri:0, instance:com.qtpselenium.zoho.project.testcases.LeadTest@7ac7a4e4]
                     </div>
                     <div>
                        <b>Parameters: </b>
                        
                        {LeadLastName=Sharma, Runmode=N, LeadCompany=Lenovo, Browser=Chrome}
                        
                        
                     </div>
                     <div>
                        <b>Start time: </b>22:03:29
                     </div>
                     <div>
                        <b>End time: </b>22:03:31
                     </div>
                     <div>
                        <b>Duration: </b>3s
                        
                     </div>
                  </div>
               </td>
            </tr>
            <tr>
               <td colspan="4" class="detailsBox">
                  <div id="com.qtpselenium.zoho.project.testcases.LeadTest_convertLeadTest_byClass_FAIL17_exception"
                       class="testMethodDetails">
                     <pre style="padding: 5px; margin: 0;">org.openqa.selenium.SessionNotCreatedException: session not created: Chrome version must be between 70 and 73
                        (Driver info: chromedriver=2.45.615291 (ec3682e3c9061c10f26ea9e5cdcf3c53f3f74387),platform=Windows NT 10.0.18362 x86_64) (WARNING:
                        The server did not provide any stacktrace information)
                        Command duration or timeout: 1.98 seconds
                        Build info: version: '3.141.59', revision: 'e82be7d358', time: '2018-11-14T08:25:53'
                        System info: host: 'DESKTOP-TKK5GPG', ip: '172.20.10.4', os.name: 'Windows 10', os.arch: 'amd64', os.version: '10.0', java.version:
                        '1.8.0_101'
                        Driver info: driver.version: ChromeDriver
                        	at sun.reflect.NativeConstructorAccessorImpl.newInstance0(Native Method)
                        	at sun.reflect.NativeConstructorAccessorImpl.newInstance(NativeConstructorAccessorImpl.java:62)
                        	at sun.reflect.DelegatingConstructorAccessorImpl.newInstance(DelegatingConstructorAccessorImpl.java:45)
                        	at java.lang.reflect.Constructor.newInstance(Constructor.java:423)
                        	at org.openqa.selenium.remote.ErrorHandler.createThrowable(ErrorHandler.java:214)
                        	at org.openqa.selenium.remote.ErrorHandler.throwIfResponseFailed(ErrorHandler.java:166)
                        	at org.openqa.selenium.remote.JsonWireProtocolResponse.lambda$errorHandler$0(JsonWireProtocolResponse.java:54)
                        	at org.openqa.selenium.remote.HandshakeResponse.lambda$getResponseFunction$0(HandshakeResponse.java:30)
                        	at org.openqa.selenium.remote.ProtocolHandshake.lambda$createSession$0(ProtocolHandshake.java:126)
                        	at java.util.stream.ReferencePipeline$3$1.accept(ReferencePipeline.java:193)
                        	at java.util.Spliterators$ArraySpliterator.tryAdvance(Spliterators.java:958)
                        	at java.util.stream.ReferencePipeline.forEachWithCancel(ReferencePipeline.java:126)
                        	at java.util.stream.AbstractPipeline.copyIntoWithCancel(AbstractPipeline.java:498)
                        	at java.util.stream.AbstractPipeline.copyInto(AbstractPipeline.java:485)
                        	at java.util.stream.AbstractPipeline.wrapAndCopyInto(AbstractPipeline.java:471)
                        	at java.util.stream.FindOps$FindOp.evaluateSequential(FindOps.java:152)
                        	at java.util.stream.AbstractPipeline.evaluate(AbstractPipeline.java:234)
                        	at java.util.stream.ReferencePipeline.findFirst(ReferencePipeline.java:464)
                        	at org.openqa.selenium.remote.ProtocolHandshake.createSession(ProtocolHandshake.java:128)
                        	at org.openqa.selenium.remote.ProtocolHandshake.createSession(ProtocolHandshake.java:74)
                        	at org.openqa.selenium.remote.HttpCommandExecutor.execute(HttpCommandExecutor.java:136)
                        	at org.openqa.selenium.remote.service.DriverCommandExecutor.execute(DriverCommandExecutor.java:83)
                        	at org.openqa.selenium.remote.RemoteWebDriver.execute(RemoteWebDriver.java:552)
                        	at org.openqa.selenium.remote.RemoteWebDriver.startSession(RemoteWebDriver.java:213)
                        	at org.openqa.selenium.remote.RemoteWebDriver.&lt;init&gt;(RemoteWebDriver.java:131)
                        	at org.openqa.selenium.chrome.ChromeDriver.&lt;init&gt;(ChromeDriver.java:181)
                        	at org.openqa.selenium.chrome.ChromeDriver.&lt;init&gt;(ChromeDriver.java:168)
                        	at org.openqa.selenium.chrome.ChromeDriver.&lt;init&gt;(ChromeDriver.java:123)
                        	at com.qtpselenium.zoho.project.base.BaseTest.openBrowser(BaseTest.java:83)
                        	at com.qtpselenium.zoho.project.testcases.LeadTest.convertLeadTest(LeadTest.java:98)
                        	at sun.reflect.NativeMethodAccessorImpl.invoke0(Native Method)
                        	at sun.reflect.NativeMethodAccessorImpl.invoke(NativeMethodAccessorImpl.java:62)
                        	at sun.reflect.DelegatingMethodAccessorImpl.invoke(DelegatingMethodAccessorImpl.java:43)
                        	at java.lang.reflect.Method.invoke(Method.java:498)
                        	at org.testng.internal.MethodInvocationHelper.invokeMethod(MethodInvocationHelper.java:84)
                        	at org.testng.internal.Invoker.invokeMethod(Invoker.java:714)
                        	at org.testng.internal.Invoker.invokeTestMethod(Invoker.java:901)
                        	at org.testng.internal.Invoker.invokeTestMethods(Invoker.java:1231)
                        	at org.testng.internal.TestMethodWorker.invokeTestMethods(TestMethodWorker.java:127)
                        	at org.testng.internal.TestMethodWorker.run(TestMethodWorker.java:111)
                        	at org.testng.TestRunner.privateRun(TestRunner.java:767)
                        	at org.testng.TestRunner.run(TestRunner.java:617)
                        	at org.testng.SuiteRunner.runTest(SuiteRunner.java:334)
                        	at org.testng.SuiteRunner.runSequentially(SuiteRunner.java:329)
                        	at org.testng.SuiteRunner.privateRun(SuiteRunner.java:291)
                        	at org.testng.SuiteRunner.run(SuiteRunner.java:240)
                        	at org.testng.SuiteRunnerWorker.runSuite(SuiteRunnerWorker.java:52)
                        	at org.testng.SuiteRunnerWorker.run(SuiteRunnerWorker.java:86)
                        	at org.testng.TestNG.runSuitesSequentially(TestNG.java:1224)
                        	at org.testng.TestNG.runSuitesLocally(TestNG.java:1149)
                        	at org.testng.TestNG.run(TestNG.java:1057)
                        	at org.testng.TestNG.privateMain(TestNG.java:1364)
                        	at org.testng.TestNG.main(TestNG.java:1333)
                     </pre>
                  </div>
               </td>
            </tr>
            <tr id="com.qtpselenium.zoho.project.testcases.LeadTest_afterTest_byClass_PASS18_row"
                class="testMethodStatusPASS testMethodStatusCONF">
               <td width="100%" class="firstMethodCell">
                  <a onclick="toggleDetailsVisibility('com.qtpselenium.zoho.project.testcases.LeadTest_afterTest_byClass_PASS18_details')">afterTest()</a>
               </td>
               <td nowrap="true">22:03:31</td>
               <td nowrap="true" align="right">60 ms
                  
               </td>
               <td nowrap="true">
                   
                  
               </td>
            </tr>
            <tr>
               <td colspan="4" class="detailsBox">
                  <div id="com.qtpselenium.zoho.project.testcases.LeadTest_afterTest_byClass_PASS18_details"
                       class="testMethodDetails">
                     <div>
                        <b>Name: </b>afterTest
                     </div>
                     <div>
                        <b>Signature: </b>afterTest()[pri:0, instance:com.qtpselenium.zoho.project.testcases.LeadTest@7ac7a4e4]
                     </div>
                     <div>
                        <b>Start time: </b>22:03:31
                     </div>
                     <div>
                        <b>End time: </b>22:03:31
                     </div>
                     <div>
                        <b>Duration: </b>60 ms
                        
                     </div>
                  </div>
               </td>
            </tr>
            <tr></tr>
            <tr id="com.qtpselenium.zoho.project.testcases.LeadTest_start_byClass_PASS19_row"
                class="testMethodStatusPASS testMethodStatusCONF">
               <td width="100%" class="firstMethodCell">
                  <a onclick="toggleDetailsVisibility('com.qtpselenium.zoho.project.testcases.LeadTest_start_byClass_PASS19_details')">start()</a>
               </td>
               <td nowrap="true">22:03:31</td>
               <td nowrap="true" align="right">1 ms
                  
               </td>
               <td nowrap="true">
                   
                  
               </td>
            </tr>
            <tr>
               <td colspan="4" class="detailsBox">
                  <div id="com.qtpselenium.zoho.project.testcases.LeadTest_start_byClass_PASS19_details"
                       class="testMethodDetails">
                     <div>
                        <b>Name: </b>start
                     </div>
                     <div>
                        <b>Signature: </b>start()[pri:0, instance:com.qtpselenium.zoho.project.testcases.LeadTest@7ac7a4e4]
                     </div>
                     <div>
                        <b>Start time: </b>22:03:31
                     </div>
                     <div>
                        <b>End time: </b>22:03:31
                     </div>
                     <div>
                        <b>Duration: </b>1 ms
                        
                     </div>
                  </div>
               </td>
            </tr>
            <tr></tr>
            <tr id="com.qtpselenium.zoho.project.testcases.LeadTest_afterTest_byClass_PASS20_row"
                class="testMethodStatusPASS testMethodStatusCONF">
               <td width="100%" class="firstMethodCell">
                  <a onclick="toggleDetailsVisibility('com.qtpselenium.zoho.project.testcases.LeadTest_afterTest_byClass_PASS20_details')">afterTest()</a>
               </td>
               <td nowrap="true">22:03:31</td>
               <td nowrap="true" align="right">54 ms
                  
               </td>
               <td nowrap="true">
                   
                  
               </td>
            </tr>
            <tr>
               <td colspan="4" class="detailsBox">
                  <div id="com.qtpselenium.zoho.project.testcases.LeadTest_afterTest_byClass_PASS20_details"
                       class="testMethodDetails">
                     <div>
                        <b>Name: </b>afterTest
                     </div>
                     <div>
                        <b>Signature: </b>afterTest()[pri:0, instance:com.qtpselenium.zoho.project.testcases.LeadTest@7ac7a4e4]
                     </div>
                     <div>
                        <b>Start time: </b>22:03:31
                     </div>
                     <div>
                        <b>End time: </b>22:03:31
                     </div>
                     <div>
                        <b>Duration: </b>54 ms
                        
                     </div>
                  </div>
               </td>
            </tr>
            <tr></tr>
            <tr id="com.qtpselenium.zoho.project.testcases.LeadTest_deleteLeadTest_byClass_PASS21_row"
                class="testMethodStatusPASS">
               <td width="100%" class="firstMethodCell">
                  <a onclick="toggleDetailsVisibility('com.qtpselenium.zoho.project.testcases.LeadTest_deleteLeadTest_byClass_PASS21_details')">deleteLeadTest({LeadLastName=Chambers, Runmode=Y, LeadCompany=CISCO, Browser=Mozilla})</a>
               </td>
               <td nowrap="true">22:03:31</td>
               <td nowrap="true" align="right">0 ms
                  
               </td>
               <td nowrap="true">
                   
                  
               </td>
            </tr>
            <tr>
               <td colspan="4" class="detailsBox">
                  <div id="com.qtpselenium.zoho.project.testcases.LeadTest_deleteLeadTest_byClass_PASS21_details"
                       class="testMethodDetails">
                     <div>
                        <b>Name: </b>deleteLeadTest
                     </div>
                     <div>
                        <b>Signature: </b>deleteLeadTest(java.util.Hashtable)[pri:0, instance:com.qtpselenium.zoho.project.testcases.LeadTest@7ac7a4e4]
                     </div>
                     <div>
                        <b>Parameters: </b>
                        
                        {LeadLastName=Chambers, Runmode=Y, LeadCompany=CISCO, Browser=Mozilla}
                        
                        
                     </div>
                     <div>
                        <b>Start time: </b>22:03:31
                     </div>
                     <div>
                        <b>End time: </b>22:03:31
                     </div>
                     <div>
                        <b>Duration: </b>0 ms
                        
                     </div>
                  </div>
               </td>
            </tr>
            <tr></tr>
         </table>
         <br></br>
         <table class="testMethodsTable" cellpadding="0" cellspacing="0">
            <tr>
               <td colspan="4">
                  <h3 style="display: inline;">com.qtpselenium.zoho.project.testcases.PotentialTest</h3>
               </td>
            </tr>
            <tr class="methodsTableHeader">
               <td width="100%">Name</td>
               <td nowrap="true">Started</td>
               <td nowrap="true">Duration</td>
               <td>Exception</td>
            </tr>
            <tr id="com.qtpselenium.zoho.project.testcases.PotentialTest_start_byClass_PASS1_row"
                class="testMethodStatusPASS testMethodStatusCONF">
               <td width="100%" class="firstMethodCell">
                  <a onclick="toggleDetailsVisibility('com.qtpselenium.zoho.project.testcases.PotentialTest_start_byClass_PASS1_details')">start()</a>
               </td>
               <td nowrap="true">22:03:32</td>
               <td nowrap="true" align="right">1 ms
                  
               </td>
               <td nowrap="true">
                   
                  
               </td>
            </tr>
            <tr>
               <td colspan="4" class="detailsBox">
                  <div id="com.qtpselenium.zoho.project.testcases.PotentialTest_start_byClass_PASS1_details"
                       class="testMethodDetails">
                     <div>
                        <b>Name: </b>start
                     </div>
                     <div>
                        <b>Signature: </b>start()[pri:0, instance:com.qtpselenium.zoho.project.testcases.PotentialTest@68be2bc2]
                     </div>
                     <div>
                        <b>Start time: </b>22:03:32
                     </div>
                     <div>
                        <b>End time: </b>22:03:32
                     </div>
                     <div>
                        <b>Duration: </b>1 ms
                        
                     </div>
                  </div>
               </td>
            </tr>
            <tr></tr>
            <tr id="com.qtpselenium.zoho.project.testcases.PotentialTest_createPotentialTest_byClass_PASS2_row"
                class="testMethodStatusPASS">
               <td width="100%" class="firstMethodCell">
                  <a onclick="toggleDetailsVisibility('com.qtpselenium.zoho.project.testcases.PotentialTest_createPotentialTest_byClass_PASS2_details')">createPotentialTest({PotentialName=Henry, Runmode=Y, AccountName=Ford Motors, ClosingDate=5/8/2016, Stage=Qualification, Browser=Mozilla})</a>
               </td>
               <td nowrap="true">22:03:32</td>
               <td nowrap="true" align="right">43 ms
                  
               </td>
               <td nowrap="true">
                   
                  
               </td>
            </tr>
            <tr>
               <td colspan="4" class="detailsBox">
                  <div id="com.qtpselenium.zoho.project.testcases.PotentialTest_createPotentialTest_byClass_PASS2_details"
                       class="testMethodDetails">
                     <div>
                        <b>Name: </b>createPotentialTest
                     </div>
                     <div>
                        <b>Signature: </b>createPotentialTest(java.util.Hashtable)[pri:0, instance:com.qtpselenium.zoho.project.testcases.PotentialTest@68be2bc2]
                     </div>
                     <div>
                        <b>Parameters: </b>
                        
                        {PotentialName=Henry, Runmode=Y, AccountName=Ford Motors, ClosingDate=5/8/2016, Stage=Qualification, Browser=Mozilla}
                        
                        
                     </div>
                     <div>
                        <b>Start time: </b>22:03:32
                     </div>
                     <div>
                        <b>End time: </b>22:03:32
                     </div>
                     <div>
                        <b>Duration: </b>43 ms
                        
                     </div>
                  </div>
               </td>
            </tr>
            <tr></tr>
            <tr id="com.qtpselenium.zoho.project.testcases.PotentialTest_afterTest_byClass_PASS3_row"
                class="testMethodStatusPASS testMethodStatusCONF">
               <td width="100%" class="firstMethodCell">
                  <a onclick="toggleDetailsVisibility('com.qtpselenium.zoho.project.testcases.PotentialTest_afterTest_byClass_PASS3_details')">afterTest()</a>
               </td>
               <td nowrap="true">22:03:32</td>
               <td nowrap="true" align="right">56 ms
                  
               </td>
               <td nowrap="true">
                   
                  
               </td>
            </tr>
            <tr>
               <td colspan="4" class="detailsBox">
                  <div id="com.qtpselenium.zoho.project.testcases.PotentialTest_afterTest_byClass_PASS3_details"
                       class="testMethodDetails">
                     <div>
                        <b>Name: </b>afterTest
                     </div>
                     <div>
                        <b>Signature: </b>afterTest()[pri:0, instance:com.qtpselenium.zoho.project.testcases.PotentialTest@68be2bc2]
                     </div>
                     <div>
                        <b>Start time: </b>22:03:32
                     </div>
                     <div>
                        <b>End time: </b>22:03:32
                     </div>
                     <div>
                        <b>Duration: </b>56 ms
                        
                     </div>
                  </div>
               </td>
            </tr>
            <tr></tr>
            <tr id="com.qtpselenium.zoho.project.testcases.PotentialTest_deletePotentialAccountTest_byClass_PASS4_row"
                class="testMethodStatusPASS">
               <td width="100%" class="firstMethodCell">
                  <a onclick="toggleDetailsVisibility('com.qtpselenium.zoho.project.testcases.PotentialTest_deletePotentialAccountTest_byClass_PASS4_details')">deletePotentialAccountTest({PotentialName=Henry, Runmode=Y, AccountName=Ford Motors, ClosingDate=5/8/2016, Stage=Qualification,
                     Browser=Mozilla})
                  </a>
               </td>
               <td nowrap="true">22:03:32</td>
               <td nowrap="true" align="right">50 ms
                  
               </td>
               <td nowrap="true">
                   
                  
               </td>
            </tr>
            <tr>
               <td colspan="4" class="detailsBox">
                  <div id="com.qtpselenium.zoho.project.testcases.PotentialTest_deletePotentialAccountTest_byClass_PASS4_details"
                       class="testMethodDetails">
                     <div>
                        <b>Name: </b>deletePotentialAccountTest
                     </div>
                     <div>
                        <b>Signature: </b>deletePotentialAccountTest(java.util.Hashtable)[pri:0, instance:com.qtpselenium.zoho.project.testcases.PotentialTest@68be2bc2]
                     </div>
                     <div>
                        <b>Parameters: </b>
                        
                        {PotentialName=Henry, Runmode=Y, AccountName=Ford Motors, ClosingDate=5/8/2016, Stage=Qualification, Browser=Mozilla}
                        
                        
                     </div>
                     <div>
                        <b>Start time: </b>22:03:32
                     </div>
                     <div>
                        <b>End time: </b>22:03:32
                     </div>
                     <div>
                        <b>Duration: </b>50 ms
                        
                     </div>
                  </div>
               </td>
            </tr>
            <tr></tr>
            <tr id="com.qtpselenium.zoho.project.testcases.PotentialTest_start_byClass_PASS5_row"
                class="testMethodStatusPASS testMethodStatusCONF">
               <td width="100%" class="firstMethodCell">
                  <a onclick="toggleDetailsVisibility('com.qtpselenium.zoho.project.testcases.PotentialTest_start_byClass_PASS5_details')">start()</a>
               </td>
               <td nowrap="true">22:03:32</td>
               <td nowrap="true" align="right">0 ms
                  
               </td>
               <td nowrap="true">
                   
                  
               </td>
            </tr>
            <tr>
               <td colspan="4" class="detailsBox">
                  <div id="com.qtpselenium.zoho.project.testcases.PotentialTest_start_byClass_PASS5_details"
                       class="testMethodDetails">
                     <div>
                        <b>Name: </b>start
                     </div>
                     <div>
                        <b>Signature: </b>start()[pri:0, instance:com.qtpselenium.zoho.project.testcases.PotentialTest@68be2bc2]
                     </div>
                     <div>
                        <b>Start time: </b>22:03:32
                     </div>
                     <div>
                        <b>End time: </b>22:03:32
                     </div>
                     <div>
                        <b>Duration: </b>0 ms
                        
                     </div>
                  </div>
               </td>
            </tr>
            <tr></tr>
            <tr id="com.qtpselenium.zoho.project.testcases.PotentialTest_afterTest_byClass_PASS6_row"
                class="testMethodStatusPASS testMethodStatusCONF">
               <td width="100%" class="firstMethodCell">
                  <a onclick="toggleDetailsVisibility('com.qtpselenium.zoho.project.testcases.PotentialTest_afterTest_byClass_PASS6_details')">afterTest()</a>
               </td>
               <td nowrap="true">22:03:32</td>
               <td nowrap="true" align="right">61 ms
                  
               </td>
               <td nowrap="true">
                   
                  
               </td>
            </tr>
            <tr>
               <td colspan="4" class="detailsBox">
                  <div id="com.qtpselenium.zoho.project.testcases.PotentialTest_afterTest_byClass_PASS6_details"
                       class="testMethodDetails">
                     <div>
                        <b>Name: </b>afterTest
                     </div>
                     <div>
                        <b>Signature: </b>afterTest()[pri:0, instance:com.qtpselenium.zoho.project.testcases.PotentialTest@68be2bc2]
                     </div>
                     <div>
                        <b>Start time: </b>22:03:32
                     </div>
                     <div>
                        <b>End time: </b>22:03:32
                     </div>
                     <div>
                        <b>Duration: </b>61 ms
                        
                     </div>
                  </div>
               </td>
            </tr>
            <tr></tr>
         </table>
         <br></br>
      </div>
      <div style="margin-top: 15px; color: gray; text-align: center; font-size: 9px;">
         Generated with
         
         <a href="http://code.google.com/p/testng-xslt/" style="color: #8888aa;"
            target="_blank">
            TestNG XSLT
            
         </a>
      </div>
   </body>
</html>