<?xml version="1.0" encoding="UTF-8"?>
<testng-results skipped="0" failed="0" total="1" passed="1">
  <reporter-output>
  </reporter-output>
  <suite name="Default suite" duration-ms="4536" started-at="2021-03-13T16:31:05Z" finished-at="2021-03-13T16:31:10Z">
    <groups>
    </groups>
    <test name="Default test" duration-ms="4536" started-at="2021-03-13T16:31:05Z" finished-at="2021-03-13T16:31:10Z">
      <class name="testcases.AddProduct">
        <test-method status="PASS" signature="addProduct()[pri:0, instance:testcases.AddProduct@26be92ad]" name="addProduct" duration-ms="4492" started-at="2021-03-13T11:31:05Z" finished-at="2021-03-13T11:31:10Z">
          <reporter-output>
          </reporter-output>
        </test-method> <!-- addProduct -->
      </class> <!-- testcases.AddProduct -->
    </test> <!-- Default test -->
  </suite> <!-- Default suite -->
</testng-results>
