<?xml version="1.0" encoding="UTF-8"?>
<testng-results skipped="0" failed="0" total="1" passed="1">
  <reporter-output>
  </reporter-output>
  <suite name="Default suite" duration-ms="34260" started-at="2021-11-30T02:15:02Z" finished-at="2021-11-30T02:15:36Z">
    <groups>
    </groups>
    <test name="Default test" duration-ms="34260" started-at="2021-11-30T02:15:02Z" finished-at="2021-11-30T02:15:36Z">
      <class name="postreqexample2.PostReqExample2">
        <test-method status="PASS" signature="postreq()[pri:0, instance:postreqexample2.PostReqExample2@29ee9faa]" name="postreq" duration-ms="33723" started-at="2021-11-29T21:15:03Z" finished-at="2021-11-29T21:15:36Z">
          <reporter-output>
          </reporter-output>
        </test-method> <!-- postreq -->
      </class> <!-- postreqexample2.PostReqExample2 -->
    </test> <!-- Default test -->
  </suite> <!-- Default suite -->
</testng-results>
