<?xml version="1.0" encoding="UTF-8"?>
<!-- Generated by org.testng.reporters.JUnitXMLReporter -->
<testsuite hostname="DESKTOP-TKK5GPG" name="Default test" tests="3" failures="0" timestamp="10 Apr 2021 17:46:44 GMT" time="5.944" errors="0">
  <testcase name="doLogin" time="2.295" classname="com.retail.testcases.LoginTest"/>
  <testcase name="doLogin" time="0.051" classname="com.retail.testcases.LoginTest"/>
  <testcase name="doLogin" time="0.073" classname="com.retail.testcases.LoginTest"/>
</testsuite> <!-- Default test -->
