# JRE version: Java(TM) SE Runtime Environment (8.0_101-b13) (build 1.8.0_101-b13)
# Java VM: Java HotSpot(TM) 64-Bit Server VM (25.101-b13 mixed mode windows-amd64 compressed oops)
Heap:
 PSYoungGen      total 269312K, used 2770K [0x00000000e0a00000, 0x00000000f3000000, 0x0000000100000000)
  eden space 246784K, 1% used [0x00000000e0a00000,0x00000000e0cb4ba8,0x00000000efb00000)
  from space 22528K, 0% used [0x00000000f1400000,0x00000000f1400000,0x00000000f2a00000)
  to   space 25600K, 0% used [0x00000000efb00000,0x00000000efb00000,0x00000000f1400000)
 ParOldGen       total 68096K, used 34069K [0x00000000a1e00000, 0x00000000a6080000, 0x00000000e0a00000)
  object space 68096K, 50% used [0x00000000a1e00000,0x00000000a3f45520,0x00000000a6080000)
 Metaspace       used 26774K, capacity 27266K, committed 27648K, reserved 1077248K
  class space    used 3631K, capacity 3765K, committed 3840K, reserved 1048576K
GC Heap History (10 events):
Event: 5.829 GC heap before
{Heap before GC invocations=11 (full 0):
 PSYoungGen      total 172032K, used 171759K [0x00000000e0a00000, 0x00000000ec600000, 0x0000000100000000)
  eden space 156160K, 100% used [0x00000000e0a00000,0x00000000ea280000,0x00000000ea280000)
  from space 15872K, 98% used [0x00000000eb380000,0x00000000ec2bbef8,0x00000000ec300000)
  to   space 17408K, 0% used [0x00000000ea280000,0x00000000ea280000,0x00000000eb380000)
 ParOldGen       total 65536K, used 29277K [0x00000000a1e00000, 0x00000000a5e00000, 0x00000000e0a00000)
  object space 65536K, 44% used [0x00000000a1e00000,0x00000000a3a97700,0x00000000a5e00000)
 Metaspace       used 18893K, capacity 19242K, committed 19584K, reserved 1067008K
  class space    used 2437K, capacity 2567K, committed 2688K, reserved 1048576K
Event: 6.095 GC heap after
Heap after GC invocations=11 (full 0):
 PSYoungGen      total 173568K, used 17391K [0x00000000e0a00000, 0x00000000f2a00000, 0x0000000100000000)
  eden space 156160K, 0% used [0x00000000e0a00000,0x00000000e0a00000,0x00000000ea280000)
  from space 17408K, 99% used [0x00000000ea280000,0x00000000eb37bdd0,0x00000000eb380000)
  to   space 22528K, 0% used [0x00000000f1400000,0x00000000f1400000,0x00000000f2a00000)
 ParOldGen       total 65536K, used 37103K [0x00000000a1e00000, 0x00000000a5e00000, 0x00000000e0a00000)
  object space 65536K, 56% used [0x00000000a1e00000,0x00000000a423bc00,0x00000000a5e00000)
 Metaspace       used 18893K, capacity 19242K, committed 19584K, reserved 1067008K
  class space    used 2437K, capacity 2567K, committed 2688K, reserved 1048576K
}
Event: 6.488 GC heap before
{Heap before GC invocations=12 (full 0):
 PSYoungGen      total 173568K, used 173551K [0x00000000e0a00000, 0x00000000f2a00000, 0x0000000100000000)
  eden space 156160K, 100% used [0x00000000e0a00000,0x00000000ea280000,0x00000000ea280000)
  from space 17408K, 99% used [0x00000000ea280000,0x00000000eb37bdd0,0x00000000eb380000)
  to   space 22528K, 0% used [0x00000000f1400000,0x00000000f1400000,0x00000000f2a00000)
 ParOldGen       total 65536K, used 37103K [0x00000000a1e00000, 0x00000000a5e00000, 0x00000000e0a00000)
  object space 65536K, 56% used [0x00000000a1e00000,0x00000000a423bc00,0x00000000a5e00000)
 Metaspace       used 19068K, capacity 19464K, committed 19840K, reserved 1067008K
  class space    used 2458K, capacity 2581K, committed 2688K, reserved 1048576K
Event: 6.512 GC heap after
Heap after GC invocations=12 (full 0):
 PSYoungGen      total 269312K, used 22289K [0x00000000e0a00000, 0x00000000f3000000, 0x0000000100000000)
  eden space 246784K, 0% used [0x00000000e0a00000,0x00000000e0a00000,0x00000000efb00000)
  from space 22528K, 98% used [0x00000000f1400000,0x00000000f29c4750,0x00000000f2a00000)
  to   space 25600K, 0% used [0x00000000efb00000,0x00000000efb00000,0x00000000f1400000)
 ParOldGen       total 65536K, used 38175K [0x00000000a1e00000, 0x00000000a5e00000, 0x00000000e0a00000)
  object space 65536K, 58% used [0x00000000a1e00000,0x00000000a4347c10,0x00000000a5e00000)
 Metaspace       used 19068K, capacity 19464K, committed 19840K, reserved 1067008K
  class space    used 2458K, capacity 2581K, committed 2688K, reserved 1048576K
}
Event: 6.990 GC heap before
{Heap before GC invocations=13 (full 0):
 PSYoungGen      total 269312K, used 269073K [0x00000000e0a00000, 0x00000000f3000000, 0x0000000100000000)
  eden space 246784K, 100% used [0x00000000e0a00000,0x00000000efb00000,0x00000000efb00000)
  from space 22528K, 98% used [0x00000000f1400000,0x00000000f29c4750,0x00000000f2a00000)
  to   space 25600K, 0% used [0x00000000efb00000,0x00000000efb00000,0x00000000f1400000)
 ParOldGen       total 65536K, used 38175K [0x00000000a1e00000, 0x00000000a5e00000, 0x00000000e0a00000)
  object space 65536K, 58% used [0x00000000a1e00000,0x00000000a4347c10,0x00000000a5e00000)
 Metaspace       used 19068K, capacity 19464K, committed 19840K, reserved 1067008K
  class space    used 2458K, capacity 2581K, committed 2688K, reserved 1048576K
Event: 7.023 GC heap after
Heap after GC invocations=13 (full 0):
 PSYoungGen      total 272384K, used 25597K [0x00000000e0a00000, 0x00000000f3000000, 0x0000000100000000)
  eden space 246784K, 0% used [0x00000000e0a00000,0x00000000e0a00000,0x00000000efb00000)
  from space 25600K, 99% used [0x00000000efb00000,0x00000000f13ff728,0x00000000f1400000)
  to   space 22528K, 0% used [0x00000000f1400000,0x00000000f1400000,0x00000000f2a00000)
 ParOldGen       total 65536K, used 52864K [0x00000000a1e00000, 0x00000000a5e00000, 0x00000000e0a00000)
  object space 65536K, 80% used [0x00000000a1e00000,0x00000000a51a02c8,0x00000000a5e00000)
 Metaspace       used 19068K, capacity 19464K, committed 19840K, reserved 1067008K
  class space    used 2458K, capacity 2581K, committed 2688K, reserved 1048576K
}
Event: 7.530 GC heap before
{Heap before GC invocations=14 (full 0):
 PSYoungGen      total 272384K, used 272381K [0x00000000e0a00000, 0x00000000f3000000, 0x0000000100000000)
  eden space 246784K, 100% used [0x00000000e0a00000,0x00000000efb00000,0x00000000efb00000)
  from space 25600K, 99% used [0x00000000efb00000,0x00000000f13ff728,0x00000000f1400000)
  to   space 22528K, 0% used [0x00000000f1400000,0x00000000f1400000,0x00000000f2a00000)
 ParOldGen       total 65536K, used 52864K [0x00000000a1e00000, 0x00000000a5e00000, 0x00000000e0a00000)
  object space 65536K, 80% used [0x00000000a1e00000,0x00000000a51a02c8,0x00000000a5e00000)
 Metaspace       used 19206K, capacity 19694K, committed 19840K, reserved 1067008K
  class space    used 2469K, capacity 2615K, committed 2688K, reserved 1048576K
Event: 7.563 GC heap after
Heap after GC invocations=14 (full 0):
 PSYoungGen      total 269312K, used 22526K [0x00000000e0a00000, 0x00000000f3000000, 0x0000000100000000)
  eden space 246784K, 0% used [0x00000000e0a00000,0x00000000e0a00000,0x00000000efb00000)
  from space 22528K, 99% used [0x00000000f1400000,0x00000000f29ff850,0x00000000f2a00000)
  to   space 25600K, 0% used [0x00000000efb00000,0x00000000efb00000,0x00000000f1400000)
 ParOldGen       total 68096K, used 67755K [0x00000000a1e00000, 0x00000000a6080000, 0x00000000e0a00000)
  object space 68096K, 99% used [0x00000000a1e00000,0x00000000a602aca0,0x00000000a6080000)
 Metaspace       used 19206K, capacity 19694K, committed 19840K, reserved 1067008K
  class space    used 2469K, capacity 2615K, committed 2688K, reserved 1048576K
}
Event: 7.563 GC heap before
{Heap before GC invocations=15 (full 1):
 PSYoungGen      total 269312K, used 22526K [0x00000000e0a00000, 0x00000000f3000000, 0x0000000100000000)
  eden space 246784K, 0% used [0x00000000e0a00000,0x00000000e0a00000,0x00000000efb00000)
  from space 22528K, 99% used [0x00000000f1400000,0x00000000f29ff850,0x00000000f2a00000)
  to   space 25600K, 0% used [0x00000000efb00000,0x00000000efb00000,0x00000000f1400000)
 ParOldGen       total 68096K, used 67755K [0x00000000a1e00000, 0x00000000a6080000, 0x00000000e0a00000)
  object space 68096K, 99% used [0x00000000a1e00000,0x00000000a602aca0,0x00000000a6080000)
 Metaspace       used 19206K, capacity 19694K, committed 19840K, reserved 1067008K
  class space    used 2469K, capacity 2615K, committed 2688K, reserved 1048576K
Event: 7.643 GC heap after
Heap after GC invocations=15 (full 1):
 PSYoungGen      total 269312K, used 0K [0x00000000e0a00000, 0x00000000f3000000, 0x0000000100000000)
  eden space 246784K, 0% used [0x00000000e0a00000,0x00000000e0a00000,0x00000000efb00000)
  from space 22528K, 0% used [0x00000000f1400000,0x00000000f1400000,0x00000000f2a00000)
  to   space 25600K, 0% used [0x00000000efb00000,0x00000000efb00000,0x00000000f1400000)
 ParOldGen       total 68096K, used 56460K [0x00000000a1e00000, 0x00000000a6080000, 0x00000000e0a00000)
  object space 68096K, 82% used [0x00000000a1e00000,0x00000000a55231f0,0x00000000a6080000)
 Metaspace       used 19197K, capacity 19664K, committed 19840K, reserved 1067008K
  class space    used 2466K, capacity 2605K, committed 2688K, reserved 1048576K
}

