# JRE version: Java(TM) SE Runtime Environment (8.0_101-b13) (build 1.8.0_101-b13)
# Java VM: Java HotSpot(TM) 64-Bit Server VM (25.101-b13 mixed mode windows-amd64 compressed oops)
Heap:
 PSYoungGen      total 215552K, used 2702K [0x00000000e0a00000, 0x00000000efd00000, 0x0000000100000000)
  eden space 189952K, 1% used [0x00000000e0a00000,0x00000000e0ca3a68,0x00000000ec380000)
  from space 25600K, 0% used [0x00000000ec380000,0x00000000ec380000,0x00000000edc80000)
  to   space 23040K, 0% used [0x00000000edc80000,0x00000000edc80000,0x00000000ef300000)
 ParOldGen       total 62464K, used 22948K [0x00000000a1e00000, 0x00000000a5b00000, 0x00000000e0a00000)
  object space 62464K, 36% used [0x00000000a1e00000,0x00000000a34690a8,0x00000000a5b00000)
 Metaspace       used 27096K, capacity 27606K, committed 28160K, reserved 1075200K
  class space    used 3581K, capacity 3740K, committed 3840K, reserved 1048576K
GC Heap History (10 events):
Event: 14.091 GC heap before
{Heap before GC invocations=15 (full 1):
 PSYoungGen      total 121856K, used 121835K [0x00000000e0a00000, 0x00000000eb400000, 0x0000000100000000)
  eden space 105984K, 100% used [0x00000000e0a00000,0x00000000e7180000,0x00000000e7180000)
  from space 15872K, 99% used [0x00000000e7180000,0x00000000e80fac08,0x00000000e8100000)
  to   space 17920K, 0% used [0x00000000ea280000,0x00000000ea280000,0x00000000eb400000)
 ParOldGen       total 62464K, used 20006K [0x00000000a1e00000, 0x00000000a5b00000, 0x00000000e0a00000)
  object space 62464K, 32% used [0x00000000a1e00000,0x00000000a3189a90,0x00000000a5b00000)
 Metaspace       used 21619K, capacity 21994K, committed 22400K, reserved 1069056K
  class space    used 2782K, capacity 2898K, committed 2944K, reserved 1048576K
Event: 14.106 GC heap after
Heap after GC invocations=15 (full 1):
 PSYoungGen      total 154112K, used 16376K [0x00000000e0a00000, 0x00000000eba00000, 0x0000000100000000)
  eden space 136192K, 0% used [0x00000000e0a00000,0x00000000e0a00000,0x00000000e8f00000)
  from space 17920K, 91% used [0x00000000ea280000,0x00000000eb27e068,0x00000000eb400000)
  to   space 19968K, 0% used [0x00000000e8f00000,0x00000000e8f00000,0x00000000ea280000)
 ParOldGen       total 62464K, used 20726K [0x00000000a1e00000, 0x00000000a5b00000, 0x00000000e0a00000)
  object space 62464K, 33% used [0x00000000a1e00000,0x00000000a323da90,0x00000000a5b00000)
 Metaspace       used 21619K, capacity 21994K, committed 22400K, reserved 1069056K
  class space    used 2782K, capacity 2898K, committed 2944K, reserved 1048576K
}
Event: 14.358 GC heap before
{Heap before GC invocations=16 (full 1):
 PSYoungGen      total 154112K, used 152568K [0x00000000e0a00000, 0x00000000eba00000, 0x0000000100000000)
  eden space 136192K, 100% used [0x00000000e0a00000,0x00000000e8f00000,0x00000000e8f00000)
  from space 17920K, 91% used [0x00000000ea280000,0x00000000eb27e068,0x00000000eb400000)
  to   space 19968K, 0% used [0x00000000e8f00000,0x00000000e8f00000,0x00000000ea280000)
 ParOldGen       total 62464K, used 20726K [0x00000000a1e00000, 0x00000000a5b00000, 0x00000000e0a00000)
  object space 62464K, 33% used [0x00000000a1e00000,0x00000000a323da90,0x00000000a5b00000)
 Metaspace       used 21668K, capacity 22076K, committed 22400K, reserved 1069056K
  class space    used 2790K, capacity 2908K, committed 2944K, reserved 1048576K
Event: 14.376 GC heap after
Heap after GC invocations=16 (full 1):
 PSYoungGen      total 156160K, used 19951K [0x00000000e0a00000, 0x00000000ef300000, 0x0000000100000000)
  eden space 136192K, 0% used [0x00000000e0a00000,0x00000000e0a00000,0x00000000e8f00000)
  from space 19968K, 99% used [0x00000000e8f00000,0x00000000ea27bf08,0x00000000ea280000)
  to   space 23040K, 0% used [0x00000000edc80000,0x00000000edc80000,0x00000000ef300000)
 ParOldGen       total 62464K, used 22170K [0x00000000a1e00000, 0x00000000a5b00000, 0x00000000e0a00000)
  object space 62464K, 35% used [0x00000000a1e00000,0x00000000a33a6800,0x00000000a5b00000)
 Metaspace       used 21668K, capacity 22076K, committed 22400K, reserved 1069056K
  class space    used 2790K, capacity 2908K, committed 2944K, reserved 1048576K
}
Event: 14.638 GC heap before
{Heap before GC invocations=17 (full 1):
 PSYoungGen      total 156160K, used 156143K [0x00000000e0a00000, 0x00000000ef300000, 0x0000000100000000)
  eden space 136192K, 100% used [0x00000000e0a00000,0x00000000e8f00000,0x00000000e8f00000)
  from space 19968K, 99% used [0x00000000e8f00000,0x00000000ea27bf08,0x00000000ea280000)
  to   space 23040K, 0% used [0x00000000edc80000,0x00000000edc80000,0x00000000ef300000)
 ParOldGen       total 62464K, used 22170K [0x00000000a1e00000, 0x00000000a5b00000, 0x00000000e0a00000)
  object space 62464K, 35% used [0x00000000a1e00000,0x00000000a33a6800,0x00000000a5b00000)
 Metaspace       used 21668K, capacity 22076K, committed 22400K, reserved 1069056K
  class space    used 2790K, capacity 2908K, committed 2944K, reserved 1048576K
Event: 14.658 GC heap after
Heap after GC invocations=17 (full 1):
 PSYoungGen      total 212992K, used 21240K [0x00000000e0a00000, 0x00000000efd00000, 0x0000000100000000)
  eden space 189952K, 0% used [0x00000000e0a00000,0x00000000e0a00000,0x00000000ec380000)
  from space 23040K, 92% used [0x00000000edc80000,0x00000000ef13e0f0,0x00000000ef300000)
  to   space 25600K, 0% used [0x00000000ec380000,0x00000000ec380000,0x00000000edc80000)
 ParOldGen       total 62464K, used 24102K [0x00000000a1e00000, 0x00000000a5b00000, 0x00000000e0a00000)
  object space 62464K, 38% used [0x00000000a1e00000,0x00000000a3589840,0x00000000a5b00000)
 Metaspace       used 21668K, capacity 22076K, committed 22400K, reserved 1069056K
  class space    used 2790K, capacity 2908K, committed 2944K, reserved 1048576K
}
Event: 15.080 GC heap before
{Heap before GC invocations=18 (full 1):
 PSYoungGen      total 212992K, used 211192K [0x00000000e0a00000, 0x00000000efd00000, 0x0000000100000000)
  eden space 189952K, 100% used [0x00000000e0a00000,0x00000000ec380000,0x00000000ec380000)
  from space 23040K, 92% used [0x00000000edc80000,0x00000000ef13e0f0,0x00000000ef300000)
  to   space 25600K, 0% used [0x00000000ec380000,0x00000000ec380000,0x00000000edc80000)
 ParOldGen       total 62464K, used 24102K [0x00000000a1e00000, 0x00000000a5b00000, 0x00000000e0a00000)
  object space 62464K, 38% used [0x00000000a1e00000,0x00000000a3589840,0x00000000a5b00000)
 Metaspace       used 21704K, capacity 22204K, committed 22400K, reserved 1069056K
  class space    used 2793K, capacity 2908K, committed 2944K, reserved 1048576K
Event: 15.106 GC heap after
Heap after GC invocations=18 (full 1):
 PSYoungGen      total 215552K, used 25573K [0x00000000e0a00000, 0x00000000efd00000, 0x0000000100000000)
  eden space 189952K, 0% used [0x00000000e0a00000,0x00000000e0a00000,0x00000000ec380000)
  from space 25600K, 99% used [0x00000000ec380000,0x00000000edc794b0,0x00000000edc80000)
  to   space 23040K, 0% used [0x00000000edc80000,0x00000000edc80000,0x00000000ef300000)
 ParOldGen       total 62464K, used 27942K [0x00000000a1e00000, 0x00000000a5b00000, 0x00000000e0a00000)
  object space 62464K, 44% used [0x00000000a1e00000,0x00000000a3949bf0,0x00000000a5b00000)
 Metaspace       used 21704K, capacity 22204K, committed 22400K, reserved 1069056K
  class space    used 2793K, capacity 2908K, committed 2944K, reserved 1048576K
}
Event: 15.689 GC heap before
{Heap before GC invocations=19 (full 1):
 PSYoungGen      total 215552K, used 215525K [0x00000000e0a00000, 0x00000000efd00000, 0x0000000100000000)
  eden space 189952K, 100% used [0x00000000e0a00000,0x00000000ec380000,0x00000000ec380000)
  from space 25600K, 99% used [0x00000000ec380000,0x00000000edc794b0,0x00000000edc80000)
  to   space 23040K, 0% used [0x00000000edc80000,0x00000000edc80000,0x00000000ef300000)
 ParOldGen       total 62464K, used 27942K [0x00000000a1e00000, 0x00000000a5b00000, 0x00000000e0a00000)
  object space 62464K, 44% used [0x00000000a1e00000,0x00000000a3949bf0,0x00000000a5b00000)
 Metaspace       used 21748K, capacity 22242K, committed 22400K, reserved 1069056K
  class space    used 2799K, capacity 2942K, committed 2944K, reserved 1048576K
Event: 15.705 GC heap after
Heap after GC invocations=19 (full 1):
 PSYoungGen      total 212992K, used 23009K [0x00000000e0a00000, 0x00000000efd00000, 0x0000000100000000)
  eden space 189952K, 0% used [0x00000000e0a00000,0x00000000e0a00000,0x00000000ec380000)
  from space 23040K, 99% used [0x00000000edc80000,0x00000000ef2f8668,0x00000000ef300000)
  to   space 25600K, 0% used [0x00000000ec380000,0x00000000ec380000,0x00000000edc80000)
 ParOldGen       total 62464K, used 34487K [0x00000000a1e00000, 0x00000000a5b00000, 0x00000000e0a00000)
  object space 62464K, 55% used [0x00000000a1e00000,0x00000000a3fadf50,0x00000000a5b00000)
 Metaspace       used 21748K, capacity 22242K, committed 22400K, reserved 1069056K
  class space    used 2799K, capacity 2942K, committed 2944K, reserved 1048576K
}

