# JRE version: Java(TM) SE Runtime Environment (8.0_101-b13) (build 1.8.0_101-b13)
# Java VM: Java HotSpot(TM) 64-Bit Server VM (25.101-b13 mixed mode windows-amd64 compressed oops)
Heap:
 PSYoungGen      total 355328K, used 50658K [0x00000000e0a00000, 0x00000000f9800000, 0x0000000100000000)
  eden space 320512K, 4% used [0x00000000e0a00000,0x00000000e1989838,0x00000000f4300000)
  from space 34816K, 99% used [0x00000000f6a80000,0x00000000f8c6f108,0x00000000f8c80000)
  to   space 40448K, 0% used [0x00000000f4300000,0x00000000f4300000,0x00000000f6a80000)
 ParOldGen       total 58880K, used 44441K [0x00000000a1e00000, 0x00000000a5780000, 0x00000000e0a00000)
  object space 58880K, 75% used [0x00000000a1e00000,0x00000000a4966700,0x00000000a5780000)
 Metaspace       used 22387K, capacity 22904K, committed 23296K, reserved 1069056K
  class space    used 2895K, capacity 3039K, committed 3072K, reserved 1048576K
GC Heap History (10 events):
Event: 20.338 GC heap before
{Heap before GC invocations=15 (full 1):
 PSYoungGen      total 114176K, used 114145K [0x00000000e0a00000, 0x00000000ec100000, 0x0000000100000000)
  eden space 100352K, 100% used [0x00000000e0a00000,0x00000000e6c00000,0x00000000e6c00000)
  from space 13824K, 99% used [0x00000000e6c00000,0x00000000e79785c8,0x00000000e7980000)
  to   space 15872K, 0% used [0x00000000eb180000,0x00000000eb180000,0x00000000ec100000)
 ParOldGen       total 58880K, used 22397K [0x00000000a1e00000, 0x00000000a5780000, 0x00000000e0a00000)
  object space 58880K, 38% used [0x00000000a1e00000,0x00000000a33df648,0x00000000a5780000)
 Metaspace       used 21534K, capacity 21964K, committed 22400K, reserved 1069056K
  class space    used 2777K, capacity 2900K, committed 2944K, reserved 1048576K
Event: 20.351 GC heap after
Heap after GC invocations=15 (full 1):
 PSYoungGen      total 169984K, used 14436K [0x00000000e0a00000, 0x00000000ec400000, 0x0000000100000000)
  eden space 154112K, 0% used [0x00000000e0a00000,0x00000000e0a00000,0x00000000ea080000)
  from space 15872K, 90% used [0x00000000eb180000,0x00000000ebf992c0,0x00000000ec100000)
  to   space 17408K, 0% used [0x00000000ea080000,0x00000000ea080000,0x00000000eb180000)
 ParOldGen       total 58880K, used 23793K [0x00000000a1e00000, 0x00000000a5780000, 0x00000000e0a00000)
  object space 58880K, 40% used [0x00000000a1e00000,0x00000000a353c678,0x00000000a5780000)
 Metaspace       used 21534K, capacity 21964K, committed 22400K, reserved 1069056K
  class space    used 2777K, capacity 2900K, committed 2944K, reserved 1048576K
}
Event: 20.636 GC heap before
{Heap before GC invocations=16 (full 1):
 PSYoungGen      total 169984K, used 168548K [0x00000000e0a00000, 0x00000000ec400000, 0x0000000100000000)
  eden space 154112K, 100% used [0x00000000e0a00000,0x00000000ea080000,0x00000000ea080000)
  from space 15872K, 90% used [0x00000000eb180000,0x00000000ebf992c0,0x00000000ec100000)
  to   space 17408K, 0% used [0x00000000ea080000,0x00000000ea080000,0x00000000eb180000)
 ParOldGen       total 58880K, used 23796K [0x00000000a1e00000, 0x00000000a5780000, 0x00000000e0a00000)
  object space 58880K, 40% used [0x00000000a1e00000,0x00000000a353d0e8,0x00000000a5780000)
 Metaspace       used 21535K, capacity 21964K, committed 22400K, reserved 1069056K
  class space    used 2777K, capacity 2900K, committed 2944K, reserved 1048576K
Event: 20.659 GC heap after
Heap after GC invocations=16 (full 1):
 PSYoungGen      total 171520K, used 17400K [0x00000000e0a00000, 0x00000000f2200000, 0x0000000100000000)
  eden space 154112K, 0% used [0x00000000e0a00000,0x00000000e0a00000,0x00000000ea080000)
  from space 17408K, 99% used [0x00000000ea080000,0x00000000eb17e3d8,0x00000000eb180000)
  to   space 23040K, 0% used [0x00000000f0b80000,0x00000000f0b80000,0x00000000f2200000)
 ParOldGen       total 58880K, used 32430K [0x00000000a1e00000, 0x00000000a5780000, 0x00000000e0a00000)
  object space 58880K, 55% used [0x00000000a1e00000,0x00000000a3dab960,0x00000000a5780000)
 Metaspace       used 21535K, capacity 21964K, committed 22400K, reserved 1069056K
  class space    used 2777K, capacity 2900K, committed 2944K, reserved 1048576K
}
Event: 20.969 GC heap before
{Heap before GC invocations=17 (full 1):
 PSYoungGen      total 171520K, used 171512K [0x00000000e0a00000, 0x00000000f2200000, 0x0000000100000000)
  eden space 154112K, 100% used [0x00000000e0a00000,0x00000000ea080000,0x00000000ea080000)
  from space 17408K, 99% used [0x00000000ea080000,0x00000000eb17e3d8,0x00000000eb180000)
  to   space 23040K, 0% used [0x00000000f0b80000,0x00000000f0b80000,0x00000000f2200000)
 ParOldGen       total 58880K, used 32430K [0x00000000a1e00000, 0x00000000a5780000, 0x00000000e0a00000)
  object space 58880K, 55% used [0x00000000a1e00000,0x00000000a3dab960,0x00000000a5780000)
 Metaspace       used 21536K, capacity 21964K, committed 22400K, reserved 1069056K
  class space    used 2777K, capacity 2900K, committed 2944K, reserved 1048576K
Event: 20.989 GC heap after
Heap after GC invocations=17 (full 1):
 PSYoungGen      total 259584K, used 23035K [0x00000000e0a00000, 0x00000000f2a80000, 0x0000000100000000)
  eden space 236544K, 0% used [0x00000000e0a00000,0x00000000e0a00000,0x00000000ef100000)
  from space 23040K, 99% used [0x00000000f0b80000,0x00000000f21fedf0,0x00000000f2200000)
  to   space 27136K, 0% used [0x00000000ef100000,0x00000000ef100000,0x00000000f0b80000)
 ParOldGen       total 58880K, used 33475K [0x00000000a1e00000, 0x00000000a5780000, 0x00000000e0a00000)
  object space 58880K, 56% used [0x00000000a1e00000,0x00000000a3eb0f18,0x00000000a5780000)
 Metaspace       used 21536K, capacity 21964K, committed 22400K, reserved 1069056K
  class space    used 2777K, capacity 2900K, committed 2944K, reserved 1048576K
}
Event: 21.499 GC heap before
{Heap before GC invocations=18 (full 1):
 PSYoungGen      total 259584K, used 259579K [0x00000000e0a00000, 0x00000000f2a80000, 0x0000000100000000)
  eden space 236544K, 100% used [0x00000000e0a00000,0x00000000ef100000,0x00000000ef100000)
  from space 23040K, 99% used [0x00000000f0b80000,0x00000000f21fedf0,0x00000000f2200000)
  to   space 27136K, 0% used [0x00000000ef100000,0x00000000ef100000,0x00000000f0b80000)
 ParOldGen       total 58880K, used 33475K [0x00000000a1e00000, 0x00000000a5780000, 0x00000000e0a00000)
  object space 58880K, 56% used [0x00000000a1e00000,0x00000000a3eb0f18,0x00000000a5780000)
 Metaspace       used 21718K, capacity 22212K, committed 22400K, reserved 1069056K
  class space    used 2797K, capacity 2940K, committed 2944K, reserved 1048576K
Event: 21.537 GC heap after
Heap after GC invocations=18 (full 1):
 PSYoungGen      total 263680K, used 27130K [0x00000000e0a00000, 0x00000000f8c80000, 0x0000000100000000)
  eden space 236544K, 0% used [0x00000000e0a00000,0x00000000e0a00000,0x00000000ef100000)
  from space 27136K, 99% used [0x00000000ef100000,0x00000000f0b7ea40,0x00000000f0b80000)
  to   space 34816K, 0% used [0x00000000f6a80000,0x00000000f6a80000,0x00000000f8c80000)
 ParOldGen       total 58880K, used 43548K [0x00000000a1e00000, 0x00000000a5780000, 0x00000000e0a00000)
  object space 58880K, 73% used [0x00000000a1e00000,0x00000000a4887208,0x00000000a5780000)
 Metaspace       used 21718K, capacity 22212K, committed 22400K, reserved 1069056K
  class space    used 2797K, capacity 2940K, committed 2944K, reserved 1048576K
}
Event: 22.031 GC heap before
{Heap before GC invocations=19 (full 1):
 PSYoungGen      total 263680K, used 263674K [0x00000000e0a00000, 0x00000000f8c80000, 0x0000000100000000)
  eden space 236544K, 100% used [0x00000000e0a00000,0x00000000ef100000,0x00000000ef100000)
  from space 27136K, 99% used [0x00000000ef100000,0x00000000f0b7ea40,0x00000000f0b80000)
  to   space 34816K, 0% used [0x00000000f6a80000,0x00000000f6a80000,0x00000000f8c80000)
 ParOldGen       total 58880K, used 43548K [0x00000000a1e00000, 0x00000000a5780000, 0x00000000e0a00000)
  object space 58880K, 73% used [0x00000000a1e00000,0x00000000a4887208,0x00000000a5780000)
 Metaspace       used 21751K, capacity 22212K, committed 22400K, reserved 1069056K
  class space    used 2799K, capacity 2940K, committed 2944K, reserved 1048576K
Event: 22.070 GC heap after
Heap after GC invocations=19 (full 1):
 PSYoungGen      total 355328K, used 34748K [0x00000000e0a00000, 0x00000000f9800000, 0x0000000100000000)
  eden space 320512K, 0% used [0x00000000e0a00000,0x00000000e0a00000,0x00000000f4300000)
  from space 34816K, 99% used [0x00000000f6a80000,0x00000000f8c6f108,0x00000000f8c80000)
  to   space 40448K, 0% used [0x00000000f4300000,0x00000000f4300000,0x00000000f6a80000)
 ParOldGen       total 58880K, used 44441K [0x00000000a1e00000, 0x00000000a5780000, 0x00000000e0a00000)
  object space 58880K, 75% used [0x00000000a1e00000,0x00000000a4966700,0x00000000a5780000)
 Metaspace       used 21751K, capacity 22212K, committed 22400K, reserved 1069056K
  class space    used 2799K, capacity 2940K, committed 2944K, reserved 1048576K
}

