<?xml version="1.0" encoding="UTF-8"?>
<!-- Generated by org.testng.reporters.JUnitXMLReporter -->
<testsuite hostname="DESKTOP-TKK5GPG" name="Default test" tests="3" failures="0" timestamp="18 Apr 2021 21:57:26 GMT" time="0.093" errors="0">
  <testcase name="searchHotel" time="0.022" classname="testcases.BookingSearch"/>
  <testcase name="selectHotel" time="0.004" classname="testcases.BookingSearch"/>
  <testcase name="selectRoom" time="0.002" classname="testcases.BookingSearch"/>
</testsuite> <!-- Default test -->
