<?xml version="1.0" encoding="UTF-8"?>
<!-- Generated by org.testng.reporters.JUnitXMLReporter -->
<testsuite hostname="DESKTOP-TKK5GPG" name="Potential Test " tests="2" failures="0" timestamp="27 Feb 2020 02:20:43 GMT" time="0.404" errors="0">
  <testcase name="createPotentialTest" time="0.053" classname="com.qtpselenium.zoho.project.testcases.PotentialTest"/>
  <testcase name="deletePotentialAccountTest" time="0.093" classname="com.qtpselenium.zoho.project.testcases.PotentialTest"/>
</testsuite> <!-- Potential Test  -->
