<?xml version="1.0" encoding="UTF-8"?>
<!-- Generated by org.testng.reporters.JUnitXMLReporter -->
<testsuite hostname="DESKTOP-TKK5GPG" name="Default test" tests="3" failures="0" timestamp="25 Jan 2021 13:13:51 GMT" time="0.251" errors="0">
  <testcase name="testA1" time="0.042" classname="com.qtpselenium.core.ddf.testcasess.DummyTestA"/>
  <testcase name="testA2" time="0.002" classname="com.qtpselenium.core.ddf.testcasess.DummyTestA"/>
  <testcase name="testA3" time="0.001" classname="com.qtpselenium.core.ddf.testcasess.DummyTestA"/>
</testsuite> <!-- Default test -->
