<?xml version="1.0" encoding="UTF-8"?>
<!-- Generated by org.testng.reporters.JUnitXMLReporter -->
<testsuite hostname="DESKTOP-TKK5GPG" name="Booking Test -Full" tests="5" failures="0" timestamp="18 Apr 2021 13:03:12 GMT" time="0.061" errors="0">
  <testcase name="searchHotel" time="0.016" classname="testcases.BookingSearch"/>
  <testcase name="selectHotel" time="0.001" classname="testcases.BookingSearch"/>
  <testcase name="selectRoom" time="0.001" classname="testcases.BookingSearch"/>
  <testcase name="makeCCPayment" time="0.001" classname="testcases.PaymentManager"/>
  <testcase name="makeCashPayment" time="0.001" classname="testcases.PaymentManager"/>
</testsuite> <!-- Booking Test -Full -->
