<?xml version="1.0" encoding="UTF-8"?>
<!-- Generated by org.testng.reporters.JUnitXMLReporter -->
<testsuite hostname="DESKTOP-TKK5GPG" name="BookingSearch" tests="5" failures="0" timestamp="18 Apr 2021 12:20:02 GMT" time="0.052" errors="0">
  <testcase name="searchHotel" time="0.014" classname="testcases.BookingSearch"/>
  <testcase name="selectHotel" time="0.001" classname="testcases.BookingSearch"/>
  <testcase name="selectRoom" time="0.005" classname="testcases.BookingSearch"/>
  <testcase name="makeCCPayment" time="0.001" classname="testcases.PaymentManager"/>
  <testcase name="makeCashPayment" time="0.0" classname="testcases.PaymentManager"/>
</testsuite> <!-- BookingSearch -->
