<?xml version="1.0" encoding="UTF-8"?>
<!-- Generated by org.testng.reporters.JUnitXMLReporter -->
<testsuite hostname="DESKTOP-TKK5GPG" name="BookingSearch -Cash payment only" tests="4" failures="0" timestamp="18 Apr 2021 12:20:02 GMT" time="0.047" errors="0">
  <testcase name="searchHotel" time="0.014" classname="testcases.BookingSearch"/>
  <testcase name="selectHotel" time="0.0" classname="testcases.BookingSearch"/>
  <testcase name="selectRoom" time="0.002" classname="testcases.BookingSearch"/>
  <testcase name="makeCashPayment" time="0.0" classname="testcases.PaymentManager"/>
</testsuite> <!-- BookingSearch -Cash payment only -->
